{"level":"info","msg":"Log initialized","time":"2024-09-04T00:30:20+08:00"}
{"level":"info","msg":"log initialized","time":"2024-09-04T00:37:56+08:00"}
{"level":"info","msg":"log initialized","time":"2024-09-04T00:42:40+08:00"}
{"level":"info","msg":"log initialized","time":"2024-09-04T00:43:41+08:00"}
{"level":"info","msg":"log initialized","time":"2024-09-04T00:44:06+08:00"}
{"level":"info","msg":"log initialized","time":"2024-09-04T00:46:25+08:00"}
{"level":"info","msg":"log initialized","time":"2024-09-04T08:55:31+08:00"}
{"level":"info","msg":"log initialized","time":"2024-09-04T08:59:19+08:00"}
{"level":"info","msg":"log initialized","time":"2024-09-04T09:02:37+08:00"}
{"level":"info","msg":"log initialized","time":"2024-09-04T09:04:47+08:00"}
{"level":"info","msg":"log initialized","time":"2024-09-04T09:08:25+08:00"}
{"level":"info","msg":"log initialized","time":"2024-09-04T09:09:07+08:00"}
{"level":"info","msg":"log initialized","time":"2024-09-04T09:15:54+08:00"}
{"level":"info","msg":"log initialized","time":"2024-09-08T19:40:20+08:00"}
{"level":"info","msg":"log initialized","time":"2024-09-08T20:01:13+08:00"}
{"level":"info","msg":"log initialized","time":"2024-09-08T22:41:30+08:00"}
{"level":"info","msg":"log initialized","time":"2024-09-08T22:42:06+08:00"}
{"level":"info","msg":"log initialized","time":"2024-09-09T13:37:20+08:00"}
{"level":"info","msg":"log initialized","time":"2024-09-09T13:38:01+08:00"}
{"level":"info","msg":"log initialized","time":"2024-09-09T13:39:55+08:00"}
{"level":"info","msg":"log initialized","time":"2024-09-09T13:41:36+08:00"}
{"level":"info","msg":"log initialized","time":"2024-09-09T14:32:46+08:00"}
{"level":"info","msg":"log initialized","time":"2024-09-09T14:34:24+08:00"}
{"level":"info","msg":"log initialized","time":"2024-09-09T14:34:53+08:00"}
{"level":"info","msg":"log initialized","time":"2024-09-09T18:36:56+08:00"}
{"level":"info","msg":"log initialized","time":"2024-09-09T18:52:09+08:00"}
{"level":"info","msg":"log initialized","time":"2024-09-09T19:02:25+08:00"}
{"level":"info","msg":"log initialized","time":"2024-09-09T19:03:25+08:00"}
{"level":"info","msg":"log initialized","time":"2024-09-09T19:05:23+08:00"}
{"level":"info","msg":"log initialized","time":"2024-09-09T19:10:34+08:00"}
{"level":"info","msg":"Created buckets: [picture]","time":"2024-09-09T19:10:38+08:00"}
{"level":"info","msg":"put object success, bucket: picture, object: 头像.jpg","time":"2024-09-09T19:10:50+08:00"}
{"level":"info","msg":"log initialized","time":"2024-09-09T19:13:53+08:00"}
{"level":"info","msg":"Created buckets: [picture]","time":"2024-09-09T19:13:57+08:00"}
{"level":"info","msg":"put object success, bucket: picture, object: 头像.jpg","time":"2024-09-09T19:14:25+08:00"}
{"level":"info","msg":"closing log file","time":"2024-09-09T19:14:30+08:00"}
{"level":"info","msg":"log initialized","time":"2024-09-09T19:30:03+08:00"}
{"level":"info","msg":"put object success, bucket: picture, object: 头像.jpg","time":"2024-09-09T19:30:12+08:00"}
{"level":"info","msg":"closing log file","time":"2024-09-09T19:31:13+08:00"}
{"level":"info","msg":"log initialized","time":"2024-09-09T19:59:01+08:00"}
{"X-Request-ID":null,"level":"info","msg":"put object success, bucket: picture, object: 头像.jpg","time":"2024-09-09T19:59:17+08:00"}
{"level":"info","msg":"closing log file","time":"2024-09-09T20:01:38+08:00"}
{"level":"info","msg":"log initialized","time":"2024-09-09T20:01:40+08:00"}
{"level":"info","msg":"closing log file","time":"2024-09-09T20:02:32+08:00"}
{"level":"info","msg":"log initialized","time":"2024-09-09T20:03:50+08:00"}
{"level":"info","msg":"closing log file","time":"2024-09-09T20:08:12+08:00"}
{"level":"info","msg":"log initialized","time":"2024-09-09T20:08:14+08:00"}
{"level":"info","msg":"closing log file","time":"2024-09-09T20:08:47+08:00"}
{"level":"info","msg":"log initialized","time":"2024-09-09T20:09:03+08:00"}
{"X-Request-ID":null,"level":"info","msg":"put object success, bucket: picture, object: 头像.jpg","time":"2024-09-09T20:09:11+08:00"}
{"level":"info","msg":"closing log file","time":"2024-09-09T20:10:04+08:00"}
{"level":"info","msg":"log initialized","time":"2024-09-09T20:11:48+08:00"}
{"X-Request-ID":null,"level":"info","msg":"put object success, bucket: picture, object: 头像.jpg","time":"2024-09-09T20:11:53+08:00"}
{"level":"info","msg":"closing log file","time":"2024-09-09T20:12:01+08:00"}
{"level":"info","msg":"log initialized","time":"2024-09-09T20:12:13+08:00"}
{"level":"info","msg":"closing log file","time":"2024-09-09T20:17:26+08:00"}
{"level":"info","msg":"log initialized","time":"2024-09-09T20:19:13+08:00"}
{"X-Request-ID":"c7bd42ec-d353-405a-85f3-c0990e49a410","level":"info","msg":"handle request","time":"2024-09-09T20:19:24+08:00"}
{"X-Request-ID":null,"level":"info","msg":"put object success, bucket: picture, object: 头像.jpg","time":"2024-09-09T20:19:24+08:00"}
{"level":"info","msg":"closing log file","time":"2024-09-09T20:19:37+08:00"}
{"level":"info","msg":"log initialized","time":"2024-09-09T20:20:54+08:00"}
{"X-Request-ID":"a9061983-e341-410a-9667-f0a08f8b59b3","level":"info","msg":"handle request","time":"2024-09-09T20:20:59+08:00"}
{"level":"info","msg":"put object success, bucket: picture, object: 头像.jpg","time":"2024-09-09T20:20:59+08:00"}
{"level":"info","msg":"closing log file","time":"2024-09-09T20:21:27+08:00"}
{"level":"info","msg":"log initialized","time":"2024-09-09T20:27:47+08:00"}
{"X-Request-ID":"e4dcf3b5-06fa-4e0c-9163-68aa17e010b8","level":"info","msg":"handle request","time":"2024-09-09T20:28:00+08:00"}
{"level":"info","msg":"put object success, bucket: picture, object: 头像.jpg","time":"2024-09-09T20:28:00+08:00"}
{"level":"info","msg":"closing log file","time":"2024-09-09T20:28:20+08:00"}
{"level":"info","msg":"log initialized","time":"2024-09-09T20:30:48+08:00"}
{"level":"info","msg":"put object success, bucket: picture, object: 头像.jpg","time":"2024-09-09T20:31:17+08:00"}
{"level":"info","msg":"closing log file","time":"2024-09-09T20:33:35+08:00"}
{"level":"info","msg":"log initialized","time":"2024-09-09T20:33:52+08:00"}
{"level":"info","msg":"put object success, bucket: picture, object: 头像.jpg","time":"2024-09-09T20:34:05+08:00"}
{"level":"info","msg":"closing log file","time":"2024-09-09T20:34:47+08:00"}
{"level":"info","msg":"log initialized","time":"2024-09-09T20:34:49+08:00"}
{"X-Request-ID":"4eddc320-2d4e-40e5-97d5-468ec9bf3e0f","level":"info","msg":"handle request","time":"2024-09-09T20:34:56+08:00"}
{"level":"info","msg":"put object success, bucket: picture, object: 头像.jpg","time":"2024-09-09T20:34:56+08:00"}
{"level":"info","msg":"closing log file","time":"2024-09-09T20:36:29+08:00"}
{"level":"info","msg":"log initialized","time":"2024-09-09T20:41:20+08:00"}
{"level":"info","msg":"put object success, bucket: picture, object: 头像.jpg","time":"2024-09-09T20:41:28+08:00"}
{"level":"info","msg":"put object success, bucket: picture, object: 头像.jpg","time":"2024-09-09T20:42:56+08:00"}
{"level":"info","msg":"closing log file","time":"2024-09-09T20:44:23+08:00"}
{"level":"info","msg":"log initialized","time":"2024-09-09T20:44:24+08:00"}
{"level":"info","msg":"closing log file","time":"2024-09-09T20:47:26+08:00"}
{"level":"info","msg":"log initialized","time":"2024-09-10T11:07:40+08:00"}
{"level":"info","msg":"put object success, bucket: picture, object: 头像.jpg","time":"2024-09-10T11:08:52+08:00"}
{"level":"info","msg":"closing log file","time":"2024-09-10T11:09:45+08:00"}
{"level":"info","msg":"log initialized","time":"2024-09-10T11:10:38+08:00"}
{"level":"info","msg":"closing log file","time":"2024-09-10T11:11:57+08:00"}
{"level":"info","msg":"log initialized","time":"2024-09-10T11:16:55+08:00"}
{"X-Request-ID":"39224a68-02d6-41a8-bf90-cf93446c0da6","level":"info","msg":"put object success, bucket: picture, object: 头像.jpg","time":"2024-09-10T11:17:03+08:00"}
{"level":"info","msg":"closing log file","time":"2024-09-10T11:17:49+08:00"}
{"level":"info","msg":"log initialized","time":"2024-09-10T11:24:00+08:00"}
{"X-Request-ID":"3e06a0b2-dc28-4d08-b417-cbf17d94e422","level":"info","msg":"put object success, bucket: picture, object: 头像.jpg","time":"2024-09-10T11:24:05+08:00"}
{"level":"info","msg":"closing log file","time":"2024-09-10T11:24:23+08:00"}
{"level":"info","msg":"log initialized","time":"2024-09-10T11:31:58+08:00"}
{"X-Request-ID":"5e21a33f-1483-4c98-879c-005acf1c5bf4","level":"info","msg":"PutObject success","time":"2024-09-10T11:32:06+08:00"}
{"level":"info","msg":"closing log file","time":"2024-09-10T11:32:27+08:00"}
{"level":"info","msg":"log initialized","time":"2024-09-10T11:33:26+08:00"}
{"level":"info","msg":"uploading file 头像.jpg","time":"2024-09-10T11:33:33+08:00"}
{"X-Request-ID":"9c5d81d4-9d17-490d-99bc-97febbf81cec","level":"info","msg":"PutObject success","time":"2024-09-10T11:33:33+08:00"}
{"level":"info","msg":"closing log file","time":"2024-09-10T11:33:48+08:00"}
{"level":"info","msg":"log initialized","time":"2024-09-10T11:34:02+08:00"}
{"X-Request-ID":"07e53e8e-a646-4b14-8ce9-0525dc5369ec","level":"info","msg":"uploading file 头像.jpg","time":"2024-09-10T11:34:08+08:00"}
{"X-Request-ID":"07e53e8e-a646-4b14-8ce9-0525dc5369ec","level":"info","msg":"PutObject success","time":"2024-09-10T11:34:08+08:00"}
{"level":"info","msg":"closing log file","time":"2024-09-10T11:34:33+08:00"}
{"level":"info","msg":"log initialized","time":"2024-09-10T11:35:18+08:00"}
{"X-Request-ID":"0187b5ff-aff2-4918-99df-4c4731a2f9eb","level":"info","msg":"uploading file 头像.jpg","time":"2024-09-10T11:35:22+08:00"}
{"X-Request-ID":"0187b5ff-aff2-4918-99df-4c4731a2f9eb","bucket":"picture","level":"info","msg":"PutObject success","object":"头像.jpg","route":"PutObject","size":50515,"time":"2024-09-10T11:35:22+08:00"}
{"level":"info","msg":"closing log file","time":"2024-09-10T11:35:37+08:00"}
{"level":"info","msg":"log initialized","time":"2024-09-10T12:09:13+08:00"}
{"X-Request-ID":"b1aac492-7e90-4e1e-b2ff-4396b99ebc46","level":"info","msg":"uploading file 头像.jpg","time":"2024-09-10T12:09:19+08:00"}
{"X-Request-ID":"b1aac492-7e90-4e1e-b2ff-4396b99ebc46","bucket":"picture","level":"info","msg":"PutObject success","object":"头像.jpg","route":"PutObject","size":50515,"time":"2024-09-10T12:09:19+08:00"}
{"level":"info","msg":"closing log file","time":"2024-09-10T12:09:29+08:00"}
{"level":"info","msg":"log initialized","time":"2024-09-10T12:51:07+08:00"}
{"level":"info","msg":"closing log file","time":"2024-09-10T12:51:31+08:00"}
{"level":"info","msg":"log initialized","time":"2024-09-10T12:51:53+08:00"}
{"X-Request-ID":"e1068101-a04e-44fc-b9e3-353c532fcc08","bucket":"picture","level":"info","msg":"RemoveObject success","object":"头像.jpg","route":"RemoveObject","time":"2024-09-10T12:54:48+08:00"}
{"level":"info","msg":"closing log file","time":"2024-09-10T12:56:11+08:00"}
{"X-Request-ID":"900b7ec6-d645-4b66-8c81-23f604e9a352","bucket":"picture","level":"info","msg":"PutObject success","object":"头像.jpg","route":"PutObject","size":50515,"time":"2024-09-10T13:24:53+08:00"}
{"X-Request-ID":"d03799b6-b0bf-49bc-ade7-91b4b48c5eb3","bucket":"picture","error":"context canceled","level":"error","msg":"PutObject fail","object":"头像.jpg","route":"PutObject","size":50515,"time":"2024-09-10T13:25:57+08:00"}
{"X-Request-ID":"d03799b6-b0bf-49bc-ade7-91b4b48c5eb3","error":"context canceled","level":"error","msg":"error uploading file","time":"2024-09-10T13:25:57+08:00"}
{"X-Request-ID":"6f5bf418-7102-4cc2-a07b-488a93d39b74","bucket":"picture","level":"info","msg":"RemoveObject success","object":"fdsa/dfa/ddd","route":"RemoveObject","time":"2024-09-10T13:29:00+08:00"}
{"X-Request-ID":"fffc3bba-9f89-4c59-b88f-2a5983d57d2c","bucket":"picture","level":"info","msg":"RemoveObject success","object":"fdsa/dfa/ddd","route":"RemoveObject","time":"2024-09-10T13:29:02+08:00"}
{"X-Request-ID":"d7c3fbed-d4a6-4b87-ba7b-285601fa6706","bucket":"picture","level":"info","msg":"RemoveObject success","object":"fdsa/dfa/ddd","route":"RemoveObject","time":"2024-09-10T13:29:04+08:00"}
{"X-Request-ID":"0f1947c8-27d5-4b15-8118-49583e337ffe","bucket":"picture","level":"info","msg":"RemoveObject success","object":"fdsa/dfa/ddd","route":"RemoveObject","time":"2024-09-10T13:29:05+08:00"}
{"X-Request-ID":"ca021cb0-1270-4ae6-8dfd-750294c504f6","bucket":"picture","level":"info","msg":"RemoveObject success","object":"fdsa/dfa/ddd","route":"RemoveObject","time":"2024-09-10T13:29:31+08:00"}
{"X-Request-ID":"3b03418f-14b2-4edd-9b33-0ee3a48174a4","level":"error","msg":"invalid telephone number: 15022224444","time":"2024-09-10T13:49:45+08:00"}
{"X-Request-ID":"3b03418f-14b2-4edd-9b33-0ee3a48174a4","error":"Error 1062 (23000): Duplicate entry '15022224444' for key 'uni_users_telephone'","level":"error","msg":"create user failed","time":"2024-09-10T13:49:45+08:00"}
{"X-Request-ID":"dfd18314-5b13-4e2b-9b33-f2995bd6ac40","level":"error","msg":"invalid telephone number: 15022224444","time":"2024-09-10T13:53:03+08:00"}
{"X-Request-ID":"9bea70cf-119c-4eb8-82a4-5ca1762b363d","level":"error","msg":"invalid telephone number: 15022224444","time":"2024-09-10T13:53:10+08:00"}
{"X-Request-ID":"e669a28d-703c-4ea5-88d7-403603064f61","level":"error","msg":"invalid telephone number: 15022224444","time":"2024-09-10T13:53:10+08:00"}
{"X-Request-ID":"a7fe7cdd-7a6c-428e-a1df-7c6595165a2a","level":"error","msg":"invalid telephone number: 15022224444","time":"2024-09-10T13:53:11+08:00"}
{"X-Request-ID":"aa642dda-a63e-464e-93d7-77a863e96529","level":"error","msg":"invalid telephone number: 15022224444","time":"2024-09-10T13:53:11+08:00"}
{"X-Request-ID":"07ff571d-03da-4d85-a896-6b8541e8082a","level":"error","msg":"invalid telephone number: 15022224444","time":"2024-09-10T13:53:12+08:00"}
{"X-Request-ID":"d9bd007b-d4a3-4e51-b861-b12dd41a3c3a","level":"error","msg":"invalid telephone number: 15022224444","time":"2024-09-10T13:53:14+08:00"}
{"X-Request-ID":"0fcd8aa7-897f-44bf-b049-84ed532b333b","error":"Error 1062 (23000): Duplicate entry '15022224445' for key 'uni_users_telephone'","level":"error","msg":"create user failed","time":"2024-09-10T13:55:15+08:00"}
{"X-Request-ID":"01062902-f94d-4d70-bcde-578a6509531e","error":"Error 1062 (23000): Duplicate entry '15022224445' for key 'uni_users_telephone'","level":"error","msg":"create user failed","time":"2024-09-10T13:55:36+08:00"}
{"X-Request-ID":"02281b59-d01e-4e11-a9ad-dacbd1623167","level":"error","msg":"telephone number exists: 15022224445","time":"2024-09-10T13:57:16+08:00"}
{"X-Request-ID":"e99e92ed-234c-4ea5-b67c-70ba45c3b005","bucket":"picture","level":"info","msg":"PutObject success","object":"images.jpeg","route":"PutObject","size":4959,"time":"2024-09-10T15:42:22+08:00"}
{"X-Request-ID":"2844bded-1a2d-4b7d-9077-4d1d5f7caa81","error":"redis: nil","level":"info","msg":"cache miss","time":"2024-09-10T16:45:56+08:00"}
{"X-Request-ID":"2844bded-1a2d-4b7d-9077-4d1d5f7caa81","level":"info","msg":"set cache success","time":"2024-09-10T16:47:49+08:00"}
{"X-Request-ID":"28d6222b-b77e-4248-a370-dc8d6d6c169a","error":"redis: nil","level":"info","msg":"cache miss","time":"2024-09-10T16:48:16+08:00"}
{"X-Request-ID":"28d6222b-b77e-4248-a370-dc8d6d6c169a","level":"info","msg":"set cache success","time":"2024-09-10T16:49:23+08:00"}
{"X-Request-ID":"e6719b7a-c1ad-4269-80a5-77e962f2b65b","error":"redis: nil","level":"info","msg":"cache miss","time":"2024-09-10T16:54:52+08:00"}
{"X-Request-ID":"e6719b7a-c1ad-4269-80a5-77e962f2b65b","level":"info","msg":"set cache success","time":"2024-09-10T16:57:47+08:00"}
{"X-Request-ID":"0467b9a8-a015-4642-adcd-063c20cd7a08","error":"redis: nil","level":"info","msg":"cache miss","time":"2024-09-10T16:58:01+08:00"}
{"X-Request-ID":"0467b9a8-a015-4642-adcd-063c20cd7a08","level":"info","msg":"set cache success","time":"2024-09-10T16:59:32+08:00"}
{"X-Request-ID":"fc5a008e-f2d5-44f2-b4fc-af8da3452cd7","error":"redis: nil","level":"info","msg":"cache miss","time":"2024-09-10T17:00:50+08:00"}
{"X-Request-ID":"fc5a008e-f2d5-44f2-b4fc-af8da3452cd7","level":"info","msg":"set cache success","time":"2024-09-10T17:01:11+08:00"}
{"X-Request-ID":"16caa7f0-6dcc-48fd-86f7-7061d03d726a","error":"redis: nil","level":"info","msg":"cache miss","time":"2024-09-10T17:01:31+08:00"}
{"X-Request-ID":"16caa7f0-6dcc-48fd-86f7-7061d03d726a","level":"info","msg":"set cache success","time":"2024-09-10T17:01:45+08:00"}
{"X-Request-ID":"3ab624fe-5142-40e2-af24-1be808bff3c8","level":"info","msg":"get cache success","time":"2024-09-10T17:02:01+08:00"}
{"X-Request-ID":"13bfd708-0f76-4852-86af-05e904ab7722","level":"info","msg":"get cache success","time":"2024-09-10T17:02:46+08:00"}
{"X-Request-ID":"5dee78bf-d038-474c-a424-f32a41df4d01","level":"info","msg":"get cache success","time":"2024-09-10T17:03:22+08:00"}
{"X-Request-ID":"4e797c73-8d47-48b5-b8fb-44eb2b78c517","level":"info","msg":"get cache success","time":"2024-09-10T17:07:15+08:00"}
{"X-Request-ID":"c534f981-5a31-4294-b5fa-76930fcdec25","error":"redis: nil","level":"info","msg":"cache miss","time":"2024-09-10T17:07:28+08:00"}
{"X-Request-ID":"c534f981-5a31-4294-b5fa-76930fcdec25","level":"info","msg":"set cache success","time":"2024-09-10T17:07:40+08:00"}
{"X-Request-ID":"61a5a626-a1e6-480f-bb75-5ce82418f5d3","error":"redis: nil","level":"info","msg":"cache miss","time":"2024-09-10T18:07:45+08:00"}
{"X-Request-ID":"1e721805-3dbd-43c0-8d2b-1f5093a15b94","error":"redis: nil","level":"info","msg":"cache miss","time":"2024-09-10T18:22:57+08:00"}
{"X-Request-ID":"1e721805-3dbd-43c0-8d2b-1f5093a15b94","level":"info","msg":"set cache success","time":"2024-09-10T18:23:02+08:00"}
{"X-Request-ID":"e0c2f770-502b-4f1e-8b2b-a2c1805b9c10","level":"info","msg":"get cache success","time":"2024-09-10T18:23:24+08:00"}
{"X-Request-ID":"504702ed-ad7a-45bb-a9fe-ead0faface29","level":"info","msg":"get cache success","time":"2024-09-10T18:23:40+08:00"}
{"X-Request-ID":"660a998c-6146-4f2c-af3c-b3d61a3b5c3f","level":"info","msg":"get cache success","time":"2024-09-10T18:23:41+08:00"}
{"X-Request-ID":"38975e81-c194-46ab-9143-9da396c3f727","level":"info","msg":"get cache success","time":"2024-09-10T18:23:42+08:00"}
{"X-Request-ID":"62e9400e-a23f-41f2-815d-049678794dc0","level":"info","msg":"get cache success","time":"2024-09-10T18:23:43+08:00"}
{"X-Request-ID":"97c6b19d-2f6c-4238-b224-74f4eafaf5cd","level":"info","msg":"get cache success","time":"2024-09-10T18:23:43+08:00"}
{"X-Request-ID":"f56c78d7-673c-4407-8e90-465ac8a2d4a8","level":"info","msg":"get cache success","time":"2024-09-10T18:23:44+08:00"}
{"X-Request-ID":"67c00e67-f8f7-43e5-9ee7-ea691600c019","level":"info","msg":"get cache success","time":"2024-09-10T18:23:45+08:00"}
{"X-Request-ID":"18e51fab-034a-40d3-b6d9-e068ba855d1f","level":"info","msg":"get cache success","time":"2024-09-10T18:23:45+08:00"}
{"X-Request-ID":"a724be3c-73cb-4b31-b0e5-a362cb837f51","error":"redis: nil","level":"info","msg":"cache miss","time":"2024-09-10T18:23:58+08:00"}
{"X-Request-ID":"a724be3c-73cb-4b31-b0e5-a362cb837f51","level":"info","msg":"set cache success","time":"2024-09-10T18:23:58+08:00"}
{"X-Request-ID":"deeaa9cf-f4c9-49cc-8339-e5f4068c89c0","level":"info","msg":"get cache success","time":"2024-09-10T18:24:00+08:00"}
{"X-Request-ID":"8f2acf1b-93d3-41d8-a5ad-4633e3f5ceed","level":"info","msg":"get cache success","time":"2024-09-10T18:24:00+08:00"}
{"X-Request-ID":"79e892c6-0af5-4677-84df-5c2a320e4625","level":"info","msg":"get cache success","time":"2024-09-10T18:24:01+08:00"}
{"X-Request-ID":"a19aed3f-bf50-4ef9-b07b-60427fb16baa","level":"info","msg":"get cache success","time":"2024-09-10T18:24:01+08:00"}
{"X-Request-ID":"7c5f7ad3-7148-4304-a0d5-e66e0eca81a7","level":"info","msg":"get cache success","time":"2024-09-10T18:24:01+08:00"}
{"X-Request-ID":"ba40ab85-dad5-4949-ad33-1590382f018c","level":"info","msg":"get cache success","time":"2024-09-10T18:24:02+08:00"}
{"X-Request-ID":"62160e11-e664-4a0b-927f-a36757111dbe","level":"info","msg":"get cache success","time":"2024-09-10T18:24:02+08:00"}
{"X-Request-ID":"9ea6bb2b-aece-4ef4-9438-f98ec77818bb","level":"info","msg":"get cache success: banner","time":"2024-09-10T18:27:10+08:00"}
{"X-Request-ID":"01bd7660-e07f-4bc8-8748-4bcf24afa95a","error":"redis: nil","level":"info","msg":"get cache miss: banner","time":"2024-09-10T18:33:20+08:00"}
{"X-Request-ID":"01bd7660-e07f-4bc8-8748-4bcf24afa95a","level":"info","msg":"set cache success: banner","time":"2024-09-10T18:33:24+08:00"}
{"X-Request-ID":"b71db473-4439-4341-977a-743793a62410","error":"redis: nil","level":"info","msg":"get cache miss: banner","time":"2024-09-10T18:42:13+08:00"}
{"X-Request-ID":"b71db473-4439-4341-977a-743793a62410","level":"info","msg":"set cache success: banner","time":"2024-09-10T18:42:17+08:00"}
{"X-Request-ID":"4f841923-9499-4e8e-a8e5-b50068785d24","level":"info","msg":"get cache success: banner","time":"2024-09-10T18:42:19+08:00"}
{"X-Request-ID":"33dba5df-3b4f-407f-bbb8-3bb61c5be740","level":"info","msg":"get cache success: banner","time":"2024-09-10T18:42:23+08:00"}
{"X-Request-ID":"5113593f-0798-4d88-8768-2961ba880fb0","level":"info","msg":"get cache success: banner","time":"2024-09-10T18:42:31+08:00"}
{"X-Request-ID":"e43539fe-3119-430e-9cea-14689ed1e5cf","level":"info","msg":"get cache success: banner","time":"2024-09-10T18:42:43+08:00"}
{"X-Request-ID":"710f0171-66d1-4589-8199-fd26977dda57","level":"info","msg":"get cache success: banner","time":"2024-09-10T18:43:20+08:00"}
{"X-Request-ID":"931f3c84-335e-48a5-abcc-fcc834aa6b76","level":"info","msg":"get cache success: banner","time":"2024-09-10T18:43:30+08:00"}
{"X-Request-ID":"9e99bbf5-49f3-4021-b1e9-e377ec996084","level":"info","msg":"get cache success: banner","time":"2024-09-10T18:43:38+08:00"}
{"X-Request-ID":"ff40e811-5ca2-4762-9582-68b4298b6626","error":"redis: nil","level":"info","msg":"get cache miss: banner","time":"2024-09-10T18:48:31+08:00"}
{"X-Request-ID":"ff40e811-5ca2-4762-9582-68b4298b6626","level":"info","msg":"set cache success: banner","time":"2024-09-10T18:48:31+08:00"}
{"X-Request-ID":"8f3620cd-91a1-4fd0-aa29-13e60497f170","bucket":"picture","level":"info","msg":"PutObject success","object":"images.jpeg","route":"PutObject","size":4959,"time":"2024-09-10T19:13:59+08:00"}
{"X-Request-ID":"92949235-ff81-4058-9a80-5a27b6b98e69","bucket":"picture","level":"info","msg":"PutObject success","object":"保真奢品.jpeg","route":"PutObject","size":34775,"time":"2024-09-10T19:14:20+08:00"}
{"X-Request-ID":"d3207e26-f19a-40fb-b970-33190333d284","bucket":"picture","level":"info","msg":"PutObject success","object":"手机严选.jpeg","route":"PutObject","size":25248,"time":"2024-09-10T19:14:31+08:00"}
{"X-Request-ID":"e912e94c-2c5d-4259-a48b-30cff0ced4d6","bucket":"picture","level":"info","msg":"PutObject success","object":"文玩珠宝.jpg","route":"PutObject","size":312754,"time":"2024-09-10T19:14:34+08:00"}
{"X-Request-ID":"8d6233a8-ca79-4764-9651-697a78a679bc","bucket":"picture","level":"info","msg":"PutObject success","object":"限量潮品.jpeg","route":"PutObject","size":133808,"time":"2024-09-10T19:14:37+08:00"}
{"X-Request-ID":"b68474e7-6878-4f83-9f43-d0e20122aef1","bucket":"picture","level":"info","msg":"PutObject success","object":"保真奢品.jpeg","route":"PutObject","size":34775,"time":"2024-09-10T19:16:31+08:00"}
{"X-Request-ID":"720f901f-1bdd-4ee2-9fdf-6785c7d3a452","bucket":"picture","level":"info","msg":"PutObject success","object":"手机严选.jpeg","route":"PutObject","size":25248,"time":"2024-09-10T19:16:53+08:00"}
{"X-Request-ID":"e1d8ea2b-02eb-4ed7-a332-a8cbc201286d","bucket":"picture","level":"info","msg":"PutObject success","object":"文玩珠宝.jpg","route":"PutObject","size":312754,"time":"2024-09-10T19:17:16+08:00"}
{"X-Request-ID":"d39480b9-8a55-49f9-a5a8-06241c778c5b","error":"redis: nil","level":"info","msg":"get cache miss: banner","time":"2024-09-10T19:18:16+08:00"}
{"X-Request-ID":"d39480b9-8a55-49f9-a5a8-06241c778c5b","level":"info","msg":"set cache success: banner","time":"2024-09-10T19:18:16+08:00"}
{"X-Request-ID":"259901eb-039c-4816-a091-83bd038a7647","level":"info","msg":"get cache success: banner","time":"2024-09-10T19:18:21+08:00"}
{"X-Request-ID":"335dce63-9435-494e-a9d1-410c5c4e5af8","level":"info","msg":"get cache success: banner","time":"2024-09-10T19:18:24+08:00"}
{"X-Request-ID":"02e701f3-6633-429d-b51d-c88e95c69d09","error":"redis: nil","level":"info","msg":"get cache miss: banner","time":"2024-09-10T19:31:57+08:00"}
{"X-Request-ID":"02e701f3-6633-429d-b51d-c88e95c69d09","level":"info","msg":"set cache success: banner","time":"2024-09-10T19:31:58+08:00"}
{"error":"While parsing config: invalid character '8' after object key","level":"error","msg":"read config failed","time":"2024-09-10T19:33:13+08:00"}
{"error":"While parsing config: invalid character '8' after object key","level":"error","msg":"read config failed","time":"2024-09-10T19:33:14+08:00"}
{"X-Request-ID":"6df03e02-29f3-49c4-a294-44da47fc65e5","level":"info","msg":"get cache success: banner","time":"2024-09-10T19:33:38+08:00"}
{"X-Request-ID":"c9d99b4d-6258-4e8c-8575-31e2bdca37cf","level":"info","msg":"get cache success: banner","time":"2024-09-10T19:34:35+08:00"}
{"X-Request-ID":"9691efce-4247-41cb-ac4d-1560c73bf18e","level":"info","msg":"get cache success: banner","time":"2024-09-10T19:34:49+08:00"}
{"X-Request-ID":"4bd17eef-ca58-41e8-ba92-9011c0a72fde","error":"redis: nil","level":"info","msg":"get cache miss: home/goods_4","time":"2024-09-10T19:47:36+08:00"}
{"X-Request-ID":"4bd17eef-ca58-41e8-ba92-9011c0a72fde","level":"info","msg":"set cache success: home/goods_4","time":"2024-09-10T19:48:12+08:00"}
{"X-Request-ID":"da76b44b-de34-4336-9d5b-89c0f84bb206","level":"info","msg":"get cache success: home/goods_4","time":"2024-09-10T19:48:31+08:00"}
{"X-Request-ID":"a45e62b0-b03a-4119-971a-5735e9761ab8","level":"info","msg":"get cache success: home/goods_4","time":"2024-09-10T19:48:40+08:00"}
{"X-Request-ID":"f11b92f5-aca8-4a90-9f84-423b61a634e1","level":"info","msg":"get cache success: home/goods_4","time":"2024-09-10T19:48:41+08:00"}
{"X-Request-ID":"655033db-0044-4ad7-85be-46bbff3ea0ca","level":"info","msg":"get cache success: home/goods_4","time":"2024-09-10T19:48:42+08:00"}
{"X-Request-ID":"7b122dd9-a0b8-456e-861c-ed67af2fdd93","level":"info","msg":"get cache success: home/goods_4","time":"2024-09-10T19:48:42+08:00"}
{"X-Request-ID":"bef495f2-78fc-4424-8d1b-a2414ac078d4","level":"info","msg":"get cache success: home/goods_4","time":"2024-09-10T19:48:43+08:00"}
{"X-Request-ID":"be588b93-73df-4a5b-8175-a344a14d7067","level":"info","msg":"get cache success: home/goods_4","time":"2024-09-10T19:48:43+08:00"}
{"X-Request-ID":"cf9b1683-847d-4c06-a35f-7a73905c2c10","error":"redis: nil","level":"info","msg":"get cache miss: home/banner","time":"2024-09-10T19:48:53+08:00"}
{"X-Request-ID":"a5ce3dc4-5b34-4d65-98d5-2f23b42ef6a0","level":"info","msg":"get cache success: home/goods_4","time":"2024-09-10T19:48:53+08:00"}
{"X-Request-ID":"0ca60cef-3c99-4fea-9d99-132bf04fb0d0","level":"info","msg":"get cache success: home/goods_4","time":"2024-09-10T19:48:53+08:00"}
{"X-Request-ID":"cf9b1683-847d-4c06-a35f-7a73905c2c10","level":"info","msg":"set cache success: home/banner","time":"2024-09-10T19:48:53+08:00"}
{"X-Request-ID":"0a4ee1a9-b2b1-42f1-82e4-29a1e7795fdd","level":"info","msg":"get cache success: home/banner","time":"2024-09-10T19:49:00+08:00"}
{"X-Request-ID":"fa37d747-2571-4e65-a28d-f98dfad969dd","level":"info","msg":"get cache success: home/goods_4","time":"2024-09-10T19:49:00+08:00"}
{"X-Request-ID":"ebb8590a-06cc-48a1-a0f2-3a338ac04cce","level":"info","msg":"get cache success: home/goods_4","time":"2024-09-10T19:49:00+08:00"}
{"X-Request-ID":"92de82c2-ab03-414e-88dc-c9d3dd3af858","level":"info","msg":"get cache success: home/banner","time":"2024-09-10T19:49:02+08:00"}
{"X-Request-ID":"ba8b90d4-732b-489d-88a8-0169262e5abf","level":"info","msg":"get cache success: home/goods_4","time":"2024-09-10T19:49:02+08:00"}
{"X-Request-ID":"03fe8c2f-8deb-4136-b9f7-f458f2f71f2a","level":"info","msg":"get cache success: home/goods_4","time":"2024-09-10T19:49:02+08:00"}
{"X-Request-ID":"6cce3ada-a4ec-4d28-974b-7f0ce41ecb6f","level":"info","msg":"get cache success: home/banner","time":"2024-09-10T19:49:02+08:00"}
{"X-Request-ID":"3a49b2ce-6d6a-4f45-a648-24413f105419","level":"info","msg":"get cache success: home/goods_4","time":"2024-09-10T19:49:02+08:00"}
{"X-Request-ID":"167c4244-4b30-499c-8c5b-f0fcd350592e","level":"info","msg":"get cache success: home/goods_4","time":"2024-09-10T19:49:02+08:00"}
{"X-Request-ID":"2cabc1f9-4e28-4f4d-82a1-525fbf6f7bba","level":"info","msg":"get cache success: home/banner","time":"2024-09-10T19:49:03+08:00"}
{"X-Request-ID":"5c335314-f889-4f43-88bb-5ec081a44f7c","level":"info","msg":"get cache success: home/goods_4","time":"2024-09-10T19:49:03+08:00"}
{"X-Request-ID":"7faaec7d-75be-4ccd-b200-7dedc6486cfc","level":"info","msg":"get cache success: home/goods_4","time":"2024-09-10T19:49:03+08:00"}
{"X-Request-ID":"aafd3d94-b290-488c-8332-c0154e38a2c1","level":"info","msg":"get cache success: home/banner","time":"2024-09-10T19:49:05+08:00"}
{"X-Request-ID":"e8e41955-6e64-4e97-a241-ee177306ccd1","level":"info","msg":"get cache success: home/goods_4","time":"2024-09-10T19:49:05+08:00"}
{"X-Request-ID":"5eead48f-2a44-4961-bec0-ea640d81fe59","level":"info","msg":"get cache success: home/goods_4","time":"2024-09-10T19:49:05+08:00"}
{"X-Request-ID":"f5234093-e484-4ef2-9ddf-ff689d52f368","level":"info","msg":"get cache success: home/banner","time":"2024-09-10T19:49:08+08:00"}
{"X-Request-ID":"651f967b-7bde-40c0-9840-c401f339b48f","level":"info","msg":"get cache success: home/goods_4","time":"2024-09-10T19:49:08+08:00"}
{"X-Request-ID":"6e74165a-28b4-4fbf-abcc-b3d3902434d8","level":"info","msg":"get cache success: home/goods_4","time":"2024-09-10T19:49:08+08:00"}
{"X-Request-ID":"e4d10b15-5b92-4d45-b4c6-c880f72b5181","error":"redis: nil","level":"info","msg":"get cache miss: home/goods_4","time":"2024-09-10T19:56:10+08:00"}
{"X-Request-ID":"e4d10b15-5b92-4d45-b4c6-c880f72b5181","level":"info","msg":"set cache success: home/goods_4","time":"2024-09-10T19:56:20+08:00"}
{"X-Request-ID":"c7a5f1d9-1c9f-461f-9fb6-30bdcd445083","level":"info","msg":"get cache success: home/goods_4","time":"2024-09-10T19:56:27+08:00"}
{"X-Request-ID":"f10c23aa-1bb9-4ea1-9747-4e232c7bae2e","level":"info","msg":"get cache success: home/goods_4","time":"2024-09-10T19:56:33+08:00"}
{"X-Request-ID":"32416d32-611e-4067-94a3-9bc39f5c7766","level":"info","msg":"get cache success: home/goods_4","time":"2024-09-10T19:56:33+08:00"}
{"X-Request-ID":"c886b311-e6bc-4eac-beb2-d02a2d9a7416","level":"info","msg":"get cache success: home/goods_4","time":"2024-09-10T19:56:33+08:00"}
{"X-Request-ID":"9f1573f4-dea6-46a9-9188-b600d93e8e29","level":"info","msg":"get cache success: home/goods_4","time":"2024-09-10T19:56:34+08:00"}
{"X-Request-ID":"e56ef69b-3d39-4a0c-a564-3dedb2e8dd7e","level":"info","msg":"get cache success: home/goods_4","time":"2024-09-10T19:56:34+08:00"}
{"X-Request-ID":"61a373be-3f3d-4cf9-96b1-f6de4fd5e98a","level":"info","msg":"get cache success: home/goods_4","time":"2024-09-10T19:56:35+08:00"}
{"X-Request-ID":"56288f9f-518c-4ac6-8f51-52cdef517775","level":"info","msg":"get cache success: home/goods_4","time":"2024-09-10T19:56:35+08:00"}
{"X-Request-ID":"ed0c5445-8b18-4a9f-a2e0-391a12585394","level":"info","msg":"get cache success: home/goods_4","time":"2024-09-10T19:56:35+08:00"}
{"X-Request-ID":"c801b913-5a6d-4335-aa7b-747a82bc42bd","level":"info","msg":"get cache success: home/goods_4","time":"2024-09-10T19:56:36+08:00"}
{"X-Request-ID":"5cbe5f00-4d5f-41dd-bf75-600aa5f259e1","level":"info","msg":"get cache success: home/goods_4","time":"2024-09-10T19:56:47+08:00"}
{"X-Request-ID":"48474e31-5228-4ff0-852a-7e9b849893f2","error":"redis: nil","level":"info","msg":"get cache miss: home/goods_4","time":"2024-09-10T19:57:07+08:00"}
{"X-Request-ID":"48474e31-5228-4ff0-852a-7e9b849893f2","level":"info","msg":"set cache success: home/goods_4","time":"2024-09-10T19:57:07+08:00"}
{"X-Request-ID":"c1148327-afc3-4898-885c-6501cb3fca86","level":"info","msg":"get cache success: home/goods_4","time":"2024-09-10T19:57:09+08:00"}
{"X-Request-ID":"ac82b870-4256-4161-8c06-7dcf7e84711b","level":"info","msg":"get cache success: home/goods_4","time":"2024-09-10T19:57:09+08:00"}
{"X-Request-ID":"36576999-4b96-4514-92b4-b1e08c9a2514","level":"info","msg":"get cache success: home/goods_4","time":"2024-09-10T19:57:10+08:00"}
{"X-Request-ID":"be6e8e43-68f7-4450-8360-aecf98289c10","level":"info","msg":"get cache success: home/goods_4","time":"2024-09-10T19:57:10+08:00"}
{"X-Request-ID":"62bb33bb-886d-4aa1-83d3-8d46d80b0a47","level":"info","msg":"get cache success: home/goods_4","time":"2024-09-10T19:57:22+08:00"}
{"X-Request-ID":"f8f0222c-0764-43d1-8f87-1be5c3885821","level":"info","msg":"get cache success: home/goods_4","time":"2024-09-10T19:57:45+08:00"}
{"X-Request-ID":"7caa8638-13ec-47f5-b651-2e638c0c8590","error":"redis: nil","level":"info","msg":"get cache miss: home/banner","time":"2024-09-10T19:58:34+08:00"}
{"X-Request-ID":"42f34525-209b-4736-9200-0219a6f330fe","error":"redis: nil","level":"info","msg":"get cache miss: home/goods_4","time":"2024-09-10T19:58:34+08:00"}
{"X-Request-ID":"7caa8638-13ec-47f5-b651-2e638c0c8590","level":"info","msg":"set cache success: home/banner","time":"2024-09-10T19:58:34+08:00"}
{"X-Request-ID":"42f34525-209b-4736-9200-0219a6f330fe","level":"info","msg":"set cache success: home/goods_4","time":"2024-09-10T19:58:34+08:00"}
{"X-Request-ID":"f27ae8f1-474f-46c3-b3f6-07393da2ca95","level":"info","msg":"get cache success: home/goods_4","time":"2024-09-10T19:58:34+08:00"}
{"X-Request-ID":"329a83ef-8bf7-4ab3-aa5e-126d71229b35","level":"info","msg":"get cache success: home/banner","time":"2024-09-10T19:58:38+08:00"}
{"X-Request-ID":"1f675c21-fe71-4aa9-8e25-d72e6bf2427a","level":"info","msg":"get cache success: home/goods_4","time":"2024-09-10T19:58:38+08:00"}
{"X-Request-ID":"049893cb-edc1-45af-8efa-2088920cd268","level":"info","msg":"get cache success: home/goods_4","time":"2024-09-10T19:58:38+08:00"}
{"X-Request-ID":"5bfc9dca-0a99-4874-bd69-8fda778dff8b","level":"info","msg":"get cache success: home/banner","time":"2024-09-10T19:58:39+08:00"}
{"X-Request-ID":"af8401a6-40ad-4e40-81d7-ac9e5ebb14ad","level":"info","msg":"get cache success: home/goods_4","time":"2024-09-10T19:58:39+08:00"}
{"X-Request-ID":"c55a11c6-1f19-4f69-85ad-e992d93b43ec","level":"info","msg":"get cache success: home/goods_4","time":"2024-09-10T19:58:39+08:00"}
{"X-Request-ID":"dfb0ef16-b083-4738-ad9b-2ae53e4b34fc","level":"info","msg":"get cache success: home/banner","time":"2024-09-10T19:58:40+08:00"}
{"X-Request-ID":"593111f4-dfcb-4342-98ed-398c77fb9459","level":"info","msg":"get cache success: home/goods_4","time":"2024-09-10T19:58:40+08:00"}
{"X-Request-ID":"fddc733e-ae4f-44ef-adc8-4a6ef9a84b08","level":"info","msg":"get cache success: home/goods_4","time":"2024-09-10T19:58:40+08:00"}
{"X-Request-ID":"f187439e-1193-4edc-9347-d61e0f1d4972","level":"info","msg":"get cache success: home/banner","time":"2024-09-10T20:00:03+08:00"}
{"X-Request-ID":"988e0fd7-8e72-44d6-a9c6-6b2337ac6650","error":"redis: nil","level":"info","msg":"get cache miss: home/goods_4","time":"2024-09-10T20:00:03+08:00"}
{"X-Request-ID":"988e0fd7-8e72-44d6-a9c6-6b2337ac6650","level":"info","msg":"set cache success: home/goods_4","time":"2024-09-10T20:00:03+08:00"}
{"X-Request-ID":"6b164e58-f252-41ca-a84c-9d26fd781e1c","level":"info","msg":"get cache success: home/goods_4","time":"2024-09-10T20:00:03+08:00"}
{"X-Request-ID":"b62b3996-099a-40d3-9908-2aaf58d73fb1","level":"info","msg":"get cache success: home/banner","time":"2024-09-10T20:00:41+08:00"}
{"X-Request-ID":"e63db86d-9725-4f37-b78f-e17d166f4b0b","level":"info","msg":"get cache success: home/goods_4","time":"2024-09-10T20:00:41+08:00"}
{"X-Request-ID":"1a6533bc-eaaf-4b8f-b437-f1a586b98c23","level":"info","msg":"get cache success: home/goods_4","time":"2024-09-10T20:00:41+08:00"}
{"X-Request-ID":"bcae1c41-cceb-45c6-b93d-197d01e927fb","level":"info","msg":"get cache success: home/goods_4","time":"2024-09-10T20:00:46+08:00"}
{"X-Request-ID":"04b51a9d-5db8-45e0-bc57-a9b3746e3740","level":"info","msg":"get cache success: home/banner","time":"2024-09-10T20:00:53+08:00"}
{"X-Request-ID":"dffa1ab6-3856-4cdf-aa2a-20c6a586c30c","level":"info","msg":"get cache success: home/goods_4","time":"2024-09-10T20:00:53+08:00"}
{"X-Request-ID":"ce4975e6-40f6-4f32-a566-27a493221db1","level":"info","msg":"get cache success: home/goods_4","time":"2024-09-10T20:00:53+08:00"}
{"X-Request-ID":"65d2516b-b1f2-4599-9865-27038c0da2f7","level":"info","msg":"get cache success: home/goods_4","time":"2024-09-10T20:00:55+08:00"}
{"X-Request-ID":"a6dff236-8402-40bd-bffb-40d03f61b2ca","level":"info","msg":"get cache success: home/banner","time":"2024-09-10T20:01:07+08:00"}
{"X-Request-ID":"f8004ff6-05e7-48d6-8024-a6f17b0f5564","error":"redis: nil","level":"info","msg":"get cache miss: home/goods_4","time":"2024-09-10T20:01:07+08:00"}
{"X-Request-ID":"f8004ff6-05e7-48d6-8024-a6f17b0f5564","level":"info","msg":"set cache success: home/goods_4","time":"2024-09-10T20:01:07+08:00"}
{"X-Request-ID":"2f8c155d-1a82-44a0-97a0-c06c089c9658","level":"info","msg":"get cache success: home/goods_4","time":"2024-09-10T20:01:07+08:00"}
{"X-Request-ID":"0ad18084-c779-47e9-8643-808ec11a2691","level":"info","msg":"get cache success: home/goods_4","time":"2024-09-10T20:01:16+08:00"}
{"X-Request-ID":"f659d336-39b9-4f22-bf24-3fc4504a4f36","level":"info","msg":"get cache success: home/banner","time":"2024-09-10T20:01:19+08:00"}
{"X-Request-ID":"cc7032d3-10dc-44fa-9a13-561ed54c9474","level":"info","msg":"get cache success: home/goods_4","time":"2024-09-10T20:01:19+08:00"}
{"X-Request-ID":"505bbe26-702d-4d2f-8eec-c53bc88d4d28","level":"info","msg":"get cache success: home/goods_4","time":"2024-09-10T20:01:19+08:00"}
{"X-Request-ID":"ad2359d2-c1c1-4cf0-9bca-409bc07c7ef8","level":"info","msg":"get cache success: home/goods_4","time":"2024-09-10T20:01:34+08:00"}
{"X-Request-ID":"26f4285c-4034-45da-a4ea-df8f197d8c76","level":"info","msg":"get cache success: home/goods_4","time":"2024-09-10T20:02:02+08:00"}
{"X-Request-ID":"6232be07-72e0-4b88-9835-ec4bbd30b107","error":"redis: nil","level":"info","msg":"get cache miss: home/goods_4","time":"2024-09-10T20:07:22+08:00"}
{"X-Request-ID":"6232be07-72e0-4b88-9835-ec4bbd30b107","level":"info","msg":"set cache success: home/goods_4","time":"2024-09-10T20:07:22+08:00"}
{"X-Request-ID":"d0249af4-74fd-4728-a0d9-903bdda709e9","error":"redis: nil","level":"info","msg":"get cache miss: home/banner","time":"2024-09-10T20:08:48+08:00"}
{"X-Request-ID":"cdd39985-36bd-48ae-96d1-8623625a4c9c","error":"redis: nil","level":"info","msg":"get cache miss: home/goods_4","time":"2024-09-10T20:08:48+08:00"}
{"X-Request-ID":"d0249af4-74fd-4728-a0d9-903bdda709e9","level":"info","msg":"set cache success: home/banner","time":"2024-09-10T20:08:48+08:00"}
{"X-Request-ID":"cdd39985-36bd-48ae-96d1-8623625a4c9c","level":"info","msg":"set cache success: home/goods_4","time":"2024-09-10T20:08:48+08:00"}
{"X-Request-ID":"7c672916-3f7c-4eaa-a8a4-23c76661c701","level":"info","msg":"get cache success: home/goods_4","time":"2024-09-10T20:08:48+08:00"}
{"X-Request-ID":"26df9168-1802-475c-a0f1-26862bc9805f","level":"info","msg":"get cache success: home/goods_4","time":"2024-09-10T20:08:55+08:00"}
{"X-Request-ID":"55ddf91d-6889-4808-94fe-85d0ce1c6ad7","error":"redis: nil","level":"info","msg":"get cache miss: home/goods_4","time":"2024-09-10T20:10:35+08:00"}
{"X-Request-ID":"55ddf91d-6889-4808-94fe-85d0ce1c6ad7","level":"info","msg":"set cache success: home/goods_4","time":"2024-09-10T20:10:35+08:00"}
{"X-Request-ID":"1f0dab11-1f52-49ba-a0b6-a25dbc7118a1","level":"info","msg":"get cache success: home/banner","time":"2024-09-10T20:10:41+08:00"}
{"X-Request-ID":"5b34cee6-47ed-4c71-84dd-4c18ee8e8daf","level":"info","msg":"get cache success: home/goods_4","time":"2024-09-10T20:10:41+08:00"}
{"X-Request-ID":"6df7be10-93fa-4dff-b4e3-f8f21855906f","level":"info","msg":"get cache success: home/goods_4","time":"2024-09-10T20:10:41+08:00"}
{"X-Request-ID":"0e26e942-8464-44c5-b0f3-3e2bcd8fa700","level":"info","msg":"get cache success: home/goods_4","time":"2024-09-10T20:10:43+08:00"}
{"X-Request-ID":"a166a157-da4a-44be-a3cd-2ac08fe1dda7","level":"info","msg":"get cache success: home/banner","time":"2024-09-10T20:10:54+08:00"}
{"X-Request-ID":"f7fbf157-d345-476e-8ed9-3be77c972f54","level":"info","msg":"get cache success: home/goods_4","time":"2024-09-10T20:10:54+08:00"}
{"X-Request-ID":"a5c69fb6-f3b1-4bc4-92f2-f6b59a9fc120","level":"info","msg":"get cache success: home/goods_4","time":"2024-09-10T20:10:54+08:00"}
{"X-Request-ID":"fe01553e-e15d-40dd-b81f-880b04576fec","level":"info","msg":"get cache success: home/goods_4","time":"2024-09-10T20:10:57+08:00"}
{"X-Request-ID":"539f16bf-fed3-4b79-9ce7-32c9c351057f","level":"info","msg":"get cache success: home/goods_4","time":"2024-09-10T20:11:05+08:00"}
{"X-Request-ID":"76276cda-f6e8-4aa8-84bf-ca03cdf248c4","error":"redis: nil","level":"info","msg":"get cache miss: home/banner","time":"2024-09-10T20:40:12+08:00"}
{"X-Request-ID":"817980a9-3c33-46d2-a87a-c27c89b410fe","error":"redis: nil","level":"info","msg":"get cache miss: home/goods_4","time":"2024-09-10T20:40:12+08:00"}
{"X-Request-ID":"76276cda-f6e8-4aa8-84bf-ca03cdf248c4","level":"info","msg":"set cache success: home/banner","time":"2024-09-10T20:40:16+08:00"}
{"X-Request-ID":"817980a9-3c33-46d2-a87a-c27c89b410fe","level":"info","msg":"set cache success: home/goods_4","time":"2024-09-10T20:40:16+08:00"}
{"X-Request-ID":"fa059b3b-32f3-47c6-b8ec-4a49beb01152","level":"info","msg":"get cache success: home/goods_4","time":"2024-09-10T20:40:16+08:00"}
{"X-Request-ID":"77e7828c-bede-4d30-9d37-a9c53a6ea7cc","level":"info","msg":"get cache success: home/goods_4","time":"2024-09-10T20:40:22+08:00"}
{"X-Request-ID":"ddcb3967-b9ab-4082-9e03-c37d4a242531","bucket":"picture","error":"Object name contains unsupported characters.","level":"error","msg":"PutObject fail","object":"2024-09-10//手机严选.jpeg","route":"PutObject","size":25248,"time":"2024-09-10T20:45:43+08:00"}
{"X-Request-ID":"21a26c2c-ea00-4746-bbb1-03875f24704e","error":"redis: nil","level":"info","msg":"get cache miss: home/banner","time":"2024-09-10T20:49:50+08:00"}
{"X-Request-ID":"21a26c2c-ea00-4746-bbb1-03875f24704e","level":"info","msg":"set cache success: home/banner","time":"2024-09-10T20:49:50+08:00"}
{"X-Request-ID":"988cfaa3-f87c-4541-98de-aaf33f6b19e6","error":"redis: nil","level":"info","msg":"get cache miss: home/goods_4","time":"2024-09-10T20:49:50+08:00"}
{"X-Request-ID":"988cfaa3-f87c-4541-98de-aaf33f6b19e6","level":"info","msg":"set cache success: home/goods_4","time":"2024-09-10T20:49:50+08:00"}
{"X-Request-ID":"e8fe7411-86a7-49a3-afe8-91af52532fa9","level":"info","msg":"get cache success: home/goods_4","time":"2024-09-10T20:49:50+08:00"}
{"X-Request-ID":"43a6b90a-934c-46be-a04b-38ed40275341","level":"info","msg":"get cache success: home/goods_4","time":"2024-09-10T20:50:12+08:00"}
{"X-Request-ID":"0e723465-13f1-4809-af35-c5fdb2445702","level":"info","msg":"get cache success: home/banner","time":"2024-09-10T20:54:26+08:00"}
{"X-Request-ID":"571b7ce8-40c5-4e78-a620-b9bd53f09a5b","error":"redis: nil","level":"info","msg":"get cache miss: home/goods_4","time":"2024-09-10T20:54:26+08:00"}
{"X-Request-ID":"571b7ce8-40c5-4e78-a620-b9bd53f09a5b","level":"info","msg":"set cache success: home/goods_4","time":"2024-09-10T20:54:27+08:00"}
{"X-Request-ID":"0bc8ace8-b071-4aba-ad81-0a01baf69c69","level":"info","msg":"get cache success: home/goods_4","time":"2024-09-10T20:54:27+08:00"}
{"X-Request-ID":"6773e982-28a2-40a0-92d3-55b0958ba491","level":"info","msg":"get cache success: home/goods_4","time":"2024-09-10T20:54:33+08:00"}
{"X-Request-ID":"7f57ceef-b6d6-4d6c-bdd5-1c2b40974955","error":"redis: nil","level":"info","msg":"get cache miss: home/goods_4","time":"2024-09-10T20:55:32+08:00"}
{"X-Request-ID":"7f57ceef-b6d6-4d6c-bdd5-1c2b40974955","level":"info","msg":"set cache success: home/goods_4","time":"2024-09-10T20:55:32+08:00"}
{"X-Request-ID":"fd1706be-91e2-4ac3-9a7c-26ec4931d1d6","level":"info","msg":"get cache success: home/goods_4","time":"2024-09-10T20:55:54+08:00"}
{"X-Request-ID":"6abd94cc-4cb2-4acd-8e97-cb38aa43bf90","level":"info","msg":"get cache success: home/goods_4","time":"2024-09-10T20:56:30+08:00"}
{"X-Request-ID":"f3937652-2933-414c-93c8-032deb48baad","error":"redis: nil","level":"info","msg":"get cache miss: home/goods_4","time":"2024-09-10T20:56:43+08:00"}
{"X-Request-ID":"f3937652-2933-414c-93c8-032deb48baad","level":"info","msg":"set cache success: home/goods_4","time":"2024-09-10T20:56:43+08:00"}
{"X-Request-ID":"c34c4536-63fb-4312-a3a1-798fbb471160","level":"info","msg":"get cache success: home/goods_4","time":"2024-09-10T20:56:45+08:00"}
{"X-Request-ID":"f0ed9027-8fff-4f5f-939c-82361d0af1a9","bucket":"picture","level":"info","msg":"PutObject success","object":"2024-09-10/smile/保真奢品.jpeg","route":"PutObject","size":34775,"time":"2024-09-10T20:58:58+08:00"}
{"X-Request-ID":"a519c137-f628-436c-8265-f5f97bf48a17","error":"redis: nil","level":"info","msg":"get cache miss: home/banner","time":"2024-09-10T21:02:41+08:00"}
{"X-Request-ID":"d75a194b-d8eb-41a2-849e-28d4dd851956","error":"redis: nil","level":"info","msg":"get cache miss: home/goods_4","time":"2024-09-10T21:02:41+08:00"}
{"X-Request-ID":"a519c137-f628-436c-8265-f5f97bf48a17","level":"info","msg":"set cache success: home/banner","time":"2024-09-10T21:02:41+08:00"}
{"X-Request-ID":"d75a194b-d8eb-41a2-849e-28d4dd851956","level":"info","msg":"set cache success: home/goods_4","time":"2024-09-10T21:02:41+08:00"}
{"X-Request-ID":"accfa4ef-bf46-4e34-b0de-657ebfef662b","level":"info","msg":"get cache success: home/goods_4","time":"2024-09-10T21:02:41+08:00"}
{"X-Request-ID":"7d7122ad-be39-476d-9099-0b6058dea558","level":"info","msg":"get cache success: home/goods_4","time":"2024-09-10T21:03:10+08:00"}
{"X-Request-ID":"a8fdeda6-d3d4-4f07-af67-1b72b76ae8ee","bucket":"picture","level":"info","msg":"PutObject success","object":"2024-09-10/smile/手机严选.jpeg","route":"PutObject","size":25248,"time":"2024-09-10T21:03:18+08:00"}
{"X-Request-ID":"cf511747-3791-4028-9cb2-6152df0968d9","error":"redis: nil","level":"info","msg":"get cache miss: home/goods_4","time":"2024-09-10T21:04:09+08:00"}
{"X-Request-ID":"cf511747-3791-4028-9cb2-6152df0968d9","level":"info","msg":"set cache success: home/goods_4","time":"2024-09-10T21:04:09+08:00"}
{"X-Request-ID":"2cc22618-8a4c-4fdb-9e3d-71b854ae4756","level":"info","msg":"get cache success: home/goods_4","time":"2024-09-10T21:04:09+08:00"}
{"X-Request-ID":"387dc343-7931-44ae-bb9c-77ee4898ee41","bucket":"picture","level":"info","msg":"PutObject success","object":"2024-09-10/smile/手机严选.jpeg","route":"PutObject","size":25248,"time":"2024-09-10T21:04:17+08:00"}
{"X-Request-ID":"d57fcda2-b848-48be-8b8f-dddb64bd4566","level":"info","msg":"get cache success: home/goods_4","time":"2024-09-10T21:05:01+08:00"}
{"X-Request-ID":"16284260-3559-4480-bac1-3c205f70ccd7","bucket":"picture","level":"info","msg":"PutObject success","object":"2024-09-10/smile/手机严选.jpeg","route":"PutObject","size":25248,"time":"2024-09-10T21:05:06+08:00"}
{"X-Request-ID":"e4d08dc5-93ca-40a3-be49-f86b52852a99","error":"redis: nil","level":"info","msg":"get cache miss: home/goods_4","time":"2024-09-10T21:05:41+08:00"}
{"X-Request-ID":"e4d08dc5-93ca-40a3-be49-f86b52852a99","level":"info","msg":"set cache success: home/goods_4","time":"2024-09-10T21:05:41+08:00"}
{"X-Request-ID":"a3a5f0f9-8d58-469e-a5e5-15f56fb05df3","bucket":"picture","level":"info","msg":"PutObject success","object":"2024-09-10/smile/1me3h12000crku5fy827E_C_760_506_R5.jpg","route":"PutObject","size":128828,"time":"2024-09-10T21:07:07+08:00"}
{"X-Request-ID":"b4aa0f63-e2fb-4ded-ab12-b7f4a68fc71a","bucket":"picture","level":"info","msg":"PutObject success","object":"2024-09-10/smile/1me3h12000crku5fy827E_C_760_506_R5.jpg","route":"PutObject","size":128828,"time":"2024-09-10T21:07:51+08:00"}
{"X-Request-ID":"d9139af4-6198-4605-abea-78aaa46d78db","error":"redis: nil","level":"info","msg":"get cache miss: home/goods_4","time":"2024-09-10T21:08:28+08:00"}
{"X-Request-ID":"d9139af4-6198-4605-abea-78aaa46d78db","level":"info","msg":"set cache success: home/goods_4","time":"2024-09-10T21:08:28+08:00"}
{"X-Request-ID":"6bd8406b-3f08-44c2-95d4-33c90203752c","bucket":"picture","level":"info","msg":"PutObject success","object":"2024-09-10/smile/1me3h12000crku5fy827E_C_760_506_R5.jpg","route":"PutObject","size":128828,"time":"2024-09-10T21:08:30+08:00"}
{"X-Request-ID":"7c459c42-d488-449c-8373-c4435f6d5ca0","bucket":"picture","level":"info","msg":"PutObject success","object":"2024-09-10/smile/1me3h12000crku5fy827E_C_760_506_R5.jpg","route":"PutObject","size":128828,"time":"2024-09-10T21:08:54+08:00"}
{"X-Request-ID":"a0083745-585e-4858-9c1a-0101c7febfd3","bucket":"picture","level":"info","msg":"PutObject success","object":"2024-09-10/smile/手机严选.jpeg","route":"PutObject","size":25248,"time":"2024-09-10T21:09:45+08:00"}
{"X-Request-ID":"f9922777-d7b6-4d4b-96b6-3fb2120c65fb","error":"redis: nil","level":"info","msg":"get cache miss: home/goods_4","time":"2024-09-10T21:19:31+08:00"}
{"X-Request-ID":"f9922777-d7b6-4d4b-96b6-3fb2120c65fb","level":"info","msg":"set cache success: home/goods_4","time":"2024-09-10T21:19:31+08:00"}
{"X-Request-ID":"93afcffd-2b6a-447b-9dad-d5a2f00b90ac","bucket":"picture","level":"info","msg":"PutObject success","object":"2024-09-10/smile/手机严选.jpeg","route":"PutObject","size":25248,"time":"2024-09-10T21:19:41+08:00"}
{"X-Request-ID":"727de573-fa00-453e-ab50-08d5e0853406","bucket":"picture","level":"info","msg":"PutObject success","object":"2024-09-10/smile/手机严选.jpeg","route":"PutObject","size":25248,"time":"2024-09-10T21:20:26+08:00"}
{"X-Request-ID":"b67a3679-9854-4681-aae5-0350fab7bb48","bucket":"picture","level":"info","msg":"PutObject success","object":"2024-09-10/smile/头像.jpg","route":"PutObject","size":50515,"time":"2024-09-10T21:20:30+08:00"}
{"X-Request-ID":"74d1bbd5-5ae2-471f-bfa4-f960b7fdada5","error":"redis: nil","level":"info","msg":"get cache miss: home/banner","time":"2024-09-10T21:20:53+08:00"}
{"X-Request-ID":"74d1bbd5-5ae2-471f-bfa4-f960b7fdada5","level":"info","msg":"set cache success: home/banner","time":"2024-09-10T21:20:54+08:00"}
{"X-Request-ID":"e78eeb71-13d6-4fb2-8bac-72d12ee62779","error":"redis: nil","level":"info","msg":"get cache miss: home/goods_4","time":"2024-09-10T21:20:54+08:00"}
{"X-Request-ID":"e78eeb71-13d6-4fb2-8bac-72d12ee62779","level":"info","msg":"set cache success: home/goods_4","time":"2024-09-10T21:20:54+08:00"}
{"X-Request-ID":"775c7419-03de-470c-89ec-9b99118d941c","level":"info","msg":"get cache success: home/goods_4","time":"2024-09-10T21:20:54+08:00"}
{"X-Request-ID":"bba14bfe-2e9a-4ec2-a24e-27ad6630ad4c","bucket":"picture","level":"info","msg":"PutObject success","object":"2024-09-10/smile/手机严选.jpeg","route":"PutObject","size":25248,"time":"2024-09-10T21:25:18+08:00"}
{"X-Request-ID":"aabcb915-b4e2-4b39-8d3f-547fbb0a969c","error":"redis: nil","level":"info","msg":"get cache miss: home/goods_4","time":"2024-09-10T21:30:32+08:00"}
{"X-Request-ID":"aabcb915-b4e2-4b39-8d3f-547fbb0a969c","level":"info","msg":"set cache success: home/goods_4","time":"2024-09-10T21:30:32+08:00"}
{"X-Request-ID":"445a9120-6be7-4900-b787-41d8300718d4","level":"info","msg":"get cache success: home/goods_4","time":"2024-09-10T21:30:33+08:00"}
{"X-Request-ID":"dea9173b-0250-400d-9b94-4634832d95fd","bucket":"picture","level":"info","msg":"PutObject success","object":"smile/2024-09-10/手机严选.jpeg","route":"PutObject","size":25248,"time":"2024-09-10T21:30:38+08:00"}
{"X-Request-ID":"3ad10e96-d715-4fe5-a1d6-4f3de512f1db","bucket":"picture","level":"info","msg":"PutObject success","object":"smile/2024-09-10/文玩珠宝.jpg","route":"PutObject","size":312754,"time":"2024-09-10T21:30:50+08:00"}
{"X-Request-ID":"3b2a639f-3842-41a0-a0a5-f090c3903d85","error":"redis: nil","level":"info","msg":"get cache miss: home/goods_4","time":"2024-09-10T21:36:41+08:00"}
{"X-Request-ID":"3b2a639f-3842-41a0-a0a5-f090c3903d85","level":"info","msg":"set cache success: home/goods_4","time":"2024-09-10T21:36:42+08:00"}
{"X-Request-ID":"ec25f238-1e41-4e32-8fc9-f2c9d69fcbd4","bucket":"picture","level":"info","msg":"PutObject success","object":"smile/2024-09-10/头像.jpg","route":"PutObject","size":50515,"time":"2024-09-10T21:36:47+08:00"}
{"X-Request-ID":"4fe4060a-fff8-4b6b-b6f4-e85514347847","bucket":"picture","error":"Delete \"http://localhost:9000/picture/smile/2024-09-10/%E5%A4%B4%E5%83%8F.jpg\": context canceled","level":"error","msg":"RemoveObject fail","object":"smile/2024-09-10/头像.jpg","route":"RemoveObject","time":"2024-09-10T21:38:13+08:00"}
{"X-Request-ID":"4fe4060a-fff8-4b6b-b6f4-e85514347847","error":"Delete \"http://localhost:9000/picture/smile/2024-09-10/%E5%A4%B4%E5%83%8F.jpg\": context canceled","level":"error","msg":"error deleting file","time":"2024-09-10T21:38:13+08:00"}
{"X-Request-ID":"b21467fe-0f45-4e3b-bb9c-808839b05195","bucket":"picture","error":"context canceled","level":"error","msg":"RemoveObject fail","object":"smile/2024-09-10/头像.jpg","route":"RemoveObject","time":"2024-09-10T21:38:30+08:00"}
{"X-Request-ID":"b21467fe-0f45-4e3b-bb9c-808839b05195","error":"context canceled","level":"error","msg":"error deleting file","time":"2024-09-10T21:38:38+08:00"}
{"X-Request-ID":"c8a1f652-0e45-4567-8fbb-47c2d69b0b3a","bucket":"picture","error":"context canceled","level":"error","msg":"RemoveObject fail","object":"smile/2024-09-10/头像.jpg","route":"RemoveObject","time":"2024-09-10T21:39:34+08:00"}
{"X-Request-ID":"c8a1f652-0e45-4567-8fbb-47c2d69b0b3a","error":"context canceled","level":"error","msg":"error deleting file","time":"2024-09-10T21:39:34+08:00"}
{"X-Request-ID":"b4b373dc-067c-4855-b93c-55cefe321454","bucket":"picture","level":"info","msg":"RemoveObject success","object":"smile/2024-09-10/头像.jpg","route":"RemoveObject","time":"2024-09-10T21:39:48+08:00"}
{"X-Request-ID":"cf333bbd-b5fa-482b-bc5f-a3f5e286bc46","bucket":"picture","level":"info","msg":"PutObject success","object":"smile/2024-09-10/头像.jpg","route":"PutObject","size":50515,"time":"2024-09-10T21:40:27+08:00"}
{"X-Request-ID":"e83456ba-b35b-4f99-ae93-ad78c58ff5fd","bucket":"picture","level":"info","msg":"RemoveObject success","object":"smile/2024-09-10/头像.jpg","route":"RemoveObject","time":"2024-09-10T21:40:35+08:00"}
{"X-Request-ID":"d58da970-a86f-409c-b7a2-f0bbd84aa295","error":"redis: nil","level":"info","msg":"get cache miss: home/banner","time":"2024-09-11T13:09:33+08:00"}
{"X-Request-ID":"7cf3fcbf-30b2-44af-b744-7421e17ba3ba","error":"redis: nil","level":"info","msg":"get cache miss: home/goods_4","time":"2024-09-11T13:09:33+08:00"}
{"X-Request-ID":"d58da970-a86f-409c-b7a2-f0bbd84aa295","level":"info","msg":"set cache success: home/banner","time":"2024-09-11T13:09:33+08:00"}
{"X-Request-ID":"7cf3fcbf-30b2-44af-b744-7421e17ba3ba","level":"info","msg":"set cache success: home/goods_4","time":"2024-09-11T13:09:33+08:00"}
{"X-Request-ID":"d8d1f32b-7985-469c-8b3d-242f72f16030","level":"info","msg":"get cache success: home/goods_4","time":"2024-09-11T13:09:33+08:00"}
{"X-Request-ID":"0b916d44-a718-4968-8259-52a2b6813720","level":"info","msg":"get cache success: home/goods_4","time":"2024-09-11T13:10:26+08:00"}
{"X-Request-ID":"1451b0bd-be3c-45bd-9c00-96732cf3dd70","error":"context canceled","level":"error","msg":"get cache fail: home/goods_4","time":"2024-09-11T13:30:14+08:00"}
{"X-Request-ID":"62b64a16-e521-4e10-b301-a6aa53b95a23","error":"redis: nil","level":"info","msg":"get cache miss: home/banner","time":"2024-09-11T13:31:23+08:00"}
{"X-Request-ID":"b807c9a8-bbdd-423d-b4e3-3a4ea1a52ed4","error":"redis: nil","level":"info","msg":"get cache miss: home/goods_4","time":"2024-09-11T13:31:23+08:00"}
{"X-Request-ID":"62b64a16-e521-4e10-b301-a6aa53b95a23","level":"info","msg":"set cache success: home/banner","time":"2024-09-11T13:31:23+08:00"}
{"X-Request-ID":"b807c9a8-bbdd-423d-b4e3-3a4ea1a52ed4","level":"info","msg":"set cache success: home/goods_4","time":"2024-09-11T13:31:23+08:00"}
{"X-Request-ID":"51620ce2-1bfc-4c8b-83ff-f34896aa8d08","level":"info","msg":"get cache success: home/goods_4","time":"2024-09-11T13:31:23+08:00"}
{"X-Request-ID":"e65f7277-5eae-447c-99a2-2ca565495fa7","error":"context canceled","level":"error","msg":"get cache fail: home/goods_4","time":"2024-09-11T13:31:34+08:00"}
{"X-Request-ID":"e65f7277-5eae-447c-99a2-2ca565495fa7","error":"context canceled","level":"error","msg":"redis set home goods error","time":"2024-09-11T13:31:50+08:00"}
{"X-Request-ID":"ca08d8ca-799b-4203-8925-013e9e63f605","level":"error","msg":"need to login","time":"2024-09-11T14:53:08+08:00"}
{"X-Request-ID":"c34b9723-eb23-4863-89ed-ab5a7a8ee19c","error":"redis: nil","level":"info","msg":"get cache miss: user_43","time":"2024-09-11T15:31:32+08:00"}
{"X-Request-ID":"c34b9723-eb23-4863-89ed-ab5a7a8ee19c","level":"info","msg":"set cache success: user_43","time":"2024-09-11T15:32:07+08:00"}
{"X-Request-ID":"c41e9dd4-7b45-47a3-8401-38bd0c2f738c","level":"info","msg":"get cache success: user_43","time":"2024-09-11T15:32:38+08:00"}
{"X-Request-ID":"5917945f-b476-44a3-b74b-6d62104f6d42","level":"info","msg":"get cache success: user_43","time":"2024-09-11T15:33:24+08:00"}
{"X-Request-ID":"6a90e593-d89c-4ecb-a525-6ccc9ed7120a","level":"info","msg":"get cache success: user_43","time":"2024-09-11T15:35:10+08:00"}
{"X-Request-ID":"6a90e593-d89c-4ecb-a525-6ccc9ed7120a","level":"info","msg":"set cache success: user_43","time":"2024-09-11T15:35:20+08:00"}
{"X-Request-ID":"ddb9f09a-4c74-46e8-b7c8-e8712a0e2562","level":"info","msg":"get cache success: user_43","time":"2024-09-11T15:35:59+08:00"}
{"X-Request-ID":"ddb9f09a-4c74-46e8-b7c8-e8712a0e2562","level":"info","msg":"set cache success: user_43","time":"2024-09-11T15:35:59+08:00"}
{"X-Request-ID":"482e481f-c5a1-4d78-8d84-2bcb0e86b0f5","level":"info","msg":"get cache success: user_43","time":"2024-09-11T15:36:06+08:00"}
{"X-Request-ID":"482e481f-c5a1-4d78-8d84-2bcb0e86b0f5","level":"info","msg":"set cache success: user_43","time":"2024-09-11T15:36:06+08:00"}
{"X-Request-ID":"1974295e-bf80-4509-814b-d59ad25c14c7","level":"info","msg":"get cache success: user_43","time":"2024-09-11T15:46:19+08:00"}
{"X-Request-ID":"1974295e-bf80-4509-814b-d59ad25c14c7","level":"info","msg":"set cache success: user_43","time":"2024-09-11T15:46:19+08:00"}
{"X-Request-ID":"6d2c4e62-f18f-4ed9-ae92-8676add09ee3","level":"info","msg":"get cache success: user_43","time":"2024-09-11T15:46:45+08:00"}
{"X-Request-ID":"8903636b-0017-4f63-baab-3594fa79d47e","level":"info","msg":"get cache success: user_43","time":"2024-09-11T15:48:13+08:00"}
{"X-Request-ID":"8903636b-0017-4f63-baab-3594fa79d47e","level":"info","msg":"set cache success: user_43","time":"2024-09-11T15:48:13+08:00"}
{"X-Request-ID":"36434695-da74-4189-be3f-0838de0fc78d","level":"info","msg":"get cache success: user_43","time":"2024-09-11T15:50:53+08:00"}
{"X-Request-ID":"17809c05-1525-4b4d-bda9-16c77637e1c3","level":"info","msg":"get cache success: user_43","time":"2024-09-11T15:51:02+08:00"}
{"X-Request-ID":"90b35974-ea2e-492b-931c-276c3a660a99","level":"info","msg":"get cache success: user_43","time":"2024-09-11T15:51:45+08:00"}
{"error":"Put \"http://localhost:9000/picture/\": dial tcp [::1]:9000: connect: connection refused","level":"error","msg":"Failed to create bucket: picture","time":"2024-09-11T16:13:02+08:00"}
{"error":"Put \"http://localhost:9000/picture/\": dial tcp [::1]:9000: connect: connection refused","level":"error","msg":"Failed to create bucket: picture","time":"2024-09-11T19:06:04+08:00"}
{"X-Request-ID":"a9d8731c-0765-42b6-8ccf-2bd8aa03ab85","error":"redis: nil","level":"info","msg":"get cache miss: home/banner","time":"2024-09-11T19:06:47+08:00"}
{"X-Request-ID":"e2d04895-e4ea-49c5-b142-d8cf257ea47a","error":"redis: nil","level":"info","msg":"get cache miss: home/goods_4","time":"2024-09-11T19:06:47+08:00"}
{"X-Request-ID":"a9d8731c-0765-42b6-8ccf-2bd8aa03ab85","level":"info","msg":"set cache success: home/banner","time":"2024-09-11T19:06:47+08:00"}
{"X-Request-ID":"e2d04895-e4ea-49c5-b142-d8cf257ea47a","level":"info","msg":"set cache success: home/goods_4","time":"2024-09-11T19:06:47+08:00"}
{"X-Request-ID":"1cc71e4d-4e55-4717-a35d-bfa6b2a1da30","level":"info","msg":"get cache success: home/goods_4","time":"2024-09-11T19:06:47+08:00"}
{"X-Request-ID":"9ebd5a02-3212-4372-a60c-ddd133bcacdf","level":"info","msg":"get cache success: home/goods_4","time":"2024-09-11T19:06:52+08:00"}
{"X-Request-ID":"5e9a39da-3faa-4e1f-a5f0-1401b0955822","bucket":"picture","level":"info","msg":"PutObject success","object":"smile/2024-09-11/0c910d21-106e-4c35-a0ad-4e9d2b4587f6","route":"PutObject","size":4324,"time":"2024-09-11T19:09:52+08:00"}
{"X-Request-ID":"58f85460-d3c8-48fd-abed-67c612c1721e","bucket":"picture","level":"info","msg":"PutObject success","object":"smile/2024-09-11/7961fde3-0148-436d-bd8c-300c3db646d5","route":"PutObject","size":3378,"time":"2024-09-11T19:09:57+08:00"}
{"X-Request-ID":"54e8a96a-9d63-47be-b887-e36a927f36b1","bucket":"picture","level":"info","msg":"PutObject success","object":"smile/2024-09-11/932c53e6-3d81-42cd-b2b2-65746a86c2b7","route":"PutObject","size":5994,"time":"2024-09-11T19:10:01+08:00"}
{"X-Request-ID":"0d7ad888-27ea-4ecb-a55e-0e4f9af275ae","bucket":"picture","level":"info","msg":"PutObject success","object":"smile/2024-09-11/c184e21b-91d2-4ac2-aa3a-d4c478094d05","route":"PutObject","size":164744,"time":"2024-09-11T19:10:05+08:00"}
{"X-Request-ID":"3065bdeb-d22f-4cb1-bda8-4d40bc5092f4","bucket":"picture","level":"info","msg":"PutObject success","object":"smile/2024-09-11/8ecac3fd-5705-442e-85df-2c89bc564dc5","route":"PutObject","size":28167,"time":"2024-09-11T19:10:07+08:00"}
{"X-Request-ID":"c1c4d298-3f29-49a6-934a-6afedab8ab52","bucket":"picture","level":"info","msg":"RemoveObject success","object":"smile/2024-09-11/8ecac3fd-5705-442e-85df-2c89bc564dc5","route":"RemoveObject","time":"2024-09-11T19:10:09+08:00"}
{"X-Request-ID":"2953a6d7-5e30-49b2-b61b-096cf194c509","level":"info","msg":"get cache success: user_43","time":"2024-09-11T19:10:51+08:00"}
{"X-Request-ID":"3dd39b0a-203e-4129-b59c-905605ad92b7","level":"info","msg":"get cache success: user_43","time":"2024-09-11T19:11:49+08:00"}
{"X-Request-ID":"575152c1-b772-4836-9653-8398fbb33c71","level":"info","msg":"get cache success: user_43","time":"2024-09-11T19:11:59+08:00"}
{"X-Request-ID":"7f36e53f-a244-4fdf-8a19-10e296e627c8","error":"redis: nil","level":"info","msg":"get cache miss: home/banner","time":"2024-09-11T19:12:15+08:00"}
{"X-Request-ID":"26d8b308-dd0e-4693-b616-5e15fda0d766","error":"redis: nil","level":"info","msg":"get cache miss: home/goods_4","time":"2024-09-11T19:12:15+08:00"}
{"X-Request-ID":"7f36e53f-a244-4fdf-8a19-10e296e627c8","level":"info","msg":"set cache success: home/banner","time":"2024-09-11T19:12:15+08:00"}
{"X-Request-ID":"26d8b308-dd0e-4693-b616-5e15fda0d766","level":"info","msg":"set cache success: home/goods_4","time":"2024-09-11T19:12:15+08:00"}
{"X-Request-ID":"120e82bc-db82-4847-81bc-75fd839dc5a7","level":"info","msg":"get cache success: home/goods_4","time":"2024-09-11T19:12:15+08:00"}
{"X-Request-ID":"b7b06c2b-0d88-4127-881f-ceee14d7a9d3","level":"info","msg":"get cache success: home/goods_4","time":"2024-09-11T19:12:19+08:00"}
{"X-Request-ID":"0d65f9eb-8085-4a3d-906d-ba2e2ec42540","level":"info","msg":"get cache success: home/banner","time":"2024-09-11T19:12:28+08:00"}
{"X-Request-ID":"aead7aa2-7666-4b6b-8891-9ee0bda256f4","level":"info","msg":"get cache success: home/goods_4","time":"2024-09-11T19:12:28+08:00"}
{"X-Request-ID":"0a5d2a6b-ed80-4964-871c-211d5c790ba9","level":"info","msg":"get cache success: home/goods_4","time":"2024-09-11T19:12:28+08:00"}
{"X-Request-ID":"65c56263-a25f-4e3d-b7fa-e18ede399ebf","error":"redis: nil","level":"info","msg":"get cache miss: home/goods_4","time":"2024-09-11T19:13:58+08:00"}
{"X-Request-ID":"65c56263-a25f-4e3d-b7fa-e18ede399ebf","level":"info","msg":"set cache success: home/goods_4","time":"2024-09-11T19:13:58+08:00"}
{"X-Request-ID":"5cb7b966-2fcf-4765-a99a-60e67fc064cb","bucket":"picture","level":"info","msg":"PutObject success","object":"smile/2024-09-11/e9f22a20-9865-46dc-a006-4ad64ba0bd55","route":"PutObject","size":7149,"time":"2024-09-11T19:14:41+08:00"}
{"X-Request-ID":"55680e16-0044-4d6b-b69f-9dbde4cd2cf6","level":"info","msg":"get cache success: user_43","time":"2024-09-11T19:14:43+08:00"}
{"X-Request-ID":"c025b2bc-84e1-4ff0-93ed-d95bbbb2cde5","level":"info","msg":"get cache success: user_43","time":"2024-09-11T19:15:17+08:00"}
{"X-Request-ID":"01c2b3fc-5e90-479c-930c-03daba529028","bucket":"picture","level":"info","msg":"PutObject success","object":"smile/2024-09-11/c8afc6b9-5265-463c-b733-2431262a0924","route":"PutObject","size":50515,"time":"2024-09-11T19:16:09+08:00"}
{"X-Request-ID":"68a0da54-526c-4674-b363-b3afc1e69a5e","level":"info","msg":"get cache success: user_43","time":"2024-09-11T19:16:14+08:00"}
{"X-Request-ID":"f69b0afc-07fd-461d-abdc-877915a95786","bucket":"picture","level":"info","msg":"PutObject success","object":"smile/2024-09-11/e6ea609b-628d-4064-aa9a-034d1bf4c3b7","route":"PutObject","size":312754,"time":"2024-09-11T19:17:04+08:00"}
{"X-Request-ID":"cd02e780-d4be-4877-bd6e-0ef140106fd7","level":"info","msg":"get cache success: user_43","time":"2024-09-11T19:17:10+08:00"}
{"X-Request-ID":"63be340f-d3ef-4dcc-878d-802baf1a8317","bucket":"picture","level":"info","msg":"PutObject success","object":"smile/2024-09-11/0ddd26f7-0b72-4ddd-a02a-c229f7a80d6e","route":"PutObject","size":312754,"time":"2024-09-11T19:18:46+08:00"}
{"X-Request-ID":"ba9f7c5a-7c7c-471d-8cf2-23626ef4eebb","level":"info","msg":"get cache success: user_43","time":"2024-09-11T19:18:55+08:00"}
{"X-Request-ID":"b288cbab-fa94-465d-adc3-b84e8cb9ab8a","error":"redis: nil","level":"info","msg":"get cache miss: home/banner","time":"2024-09-11T19:18:55+08:00"}
{"X-Request-ID":"1d72b369-7b31-4e7f-93d7-b8fb69db992f","error":"redis: nil","level":"info","msg":"get cache miss: home/goods_4","time":"2024-09-11T19:18:55+08:00"}
{"X-Request-ID":"b288cbab-fa94-465d-adc3-b84e8cb9ab8a","level":"info","msg":"set cache success: home/banner","time":"2024-09-11T19:18:55+08:00"}
{"X-Request-ID":"1d72b369-7b31-4e7f-93d7-b8fb69db992f","level":"info","msg":"set cache success: home/goods_4","time":"2024-09-11T19:18:56+08:00"}
{"X-Request-ID":"56a577e3-9a8f-4979-916f-cfcf2b8df44d","level":"info","msg":"get cache success: home/goods_4","time":"2024-09-11T19:18:56+08:00"}
{"X-Request-ID":"3bc30ffc-2840-4e9b-bba9-c4883b468b39","level":"info","msg":"get cache success: home/goods_4","time":"2024-09-11T19:19:11+08:00"}
{"X-Request-ID":"15832db0-bc0e-4387-a2e0-19bf85fc2fab","level":"info","msg":"get cache success: home/banner","time":"2024-09-11T19:19:13+08:00"}
{"X-Request-ID":"223b6321-e2b9-413a-8221-50e8954df073","level":"info","msg":"get cache success: home/goods_4","time":"2024-09-11T19:19:13+08:00"}
{"X-Request-ID":"927586d8-28dc-48c3-8f97-599fc82fa526","level":"info","msg":"get cache success: home/goods_4","time":"2024-09-11T19:19:13+08:00"}
{"X-Request-ID":"e56b6541-fd1a-4c0d-9b09-4da9931a214b","level":"info","msg":"get cache success: home/goods_4","time":"2024-09-11T19:19:15+08:00"}
{"X-Request-ID":"c6f51eeb-50c4-4291-a89c-5774edec1ac3","level":"info","msg":"get cache success: home/banner","time":"2024-09-11T19:19:18+08:00"}
{"X-Request-ID":"1d67a783-f547-418d-aa1e-9907fb560545","level":"info","msg":"get cache success: home/goods_4","time":"2024-09-11T19:19:18+08:00"}
{"X-Request-ID":"e850c351-78b7-4688-8a41-81184d97ea7e","level":"info","msg":"get cache success: home/goods_4","time":"2024-09-11T19:19:18+08:00"}
{"X-Request-ID":"227e12fe-d51a-478a-9ccf-ed69d5bb2510","level":"info","msg":"get cache success: home/goods_4","time":"2024-09-11T19:19:34+08:00"}
{"X-Request-ID":"c2c9658c-5bc0-44bb-ac29-18ec73c6239e","level":"info","msg":"get cache success: home/banner","time":"2024-09-11T19:19:37+08:00"}
{"X-Request-ID":"854d2f90-4b1c-4c42-b06d-7e221659f1a6","level":"info","msg":"get cache success: home/goods_4","time":"2024-09-11T19:19:37+08:00"}
{"X-Request-ID":"18cf86b4-fc54-423b-8e79-12b92275f94f","level":"info","msg":"get cache success: home/goods_4","time":"2024-09-11T19:19:37+08:00"}
{"X-Request-ID":"bc2d310a-1f4d-43d3-bd11-16e3730e1e75","level":"info","msg":"get cache success: home/goods_4","time":"2024-09-11T19:19:39+08:00"}
{"X-Request-ID":"cc54c49d-6eb8-49fc-93b9-3826e93f7c75","level":"info","msg":"get cache success: home/goods_4","time":"2024-09-11T19:19:42+08:00"}
{"X-Request-ID":"7d16d165-8963-45e0-83d6-94341a4c9b4b","level":"info","msg":"get cache success: home/goods_4","time":"2024-09-11T19:19:43+08:00"}
{"X-Request-ID":"354f1885-2bc2-4919-acab-693e231ec35f","level":"info","msg":"get cache success: home/goods_4","time":"2024-09-11T19:19:46+08:00"}
{"X-Request-ID":"ead3099b-e97d-4152-904e-3cbae771c1f5","level":"info","msg":"get cache success: home/goods_4","time":"2024-09-11T19:19:46+08:00"}
{"X-Request-ID":"501d818e-77a6-4313-a885-5d9714567f14","level":"info","msg":"get cache success: home/banner","time":"2024-09-11T19:19:48+08:00"}
{"X-Request-ID":"84bdff1f-5e7e-4384-86ae-166a3f7c6356","level":"info","msg":"get cache success: home/goods_4","time":"2024-09-11T19:19:48+08:00"}
{"X-Request-ID":"f42af20c-6a57-4875-84d5-6cbed873f25c","level":"info","msg":"get cache success: home/goods_4","time":"2024-09-11T19:19:48+08:00"}
