{"level":"info","msg":"Log initialized","time":"2024-09-04T00:30:20+08:00"}
{"level":"info","msg":"log initialized","time":"2024-09-04T00:37:56+08:00"}
{"level":"info","msg":"log initialized","time":"2024-09-04T00:42:40+08:00"}
{"level":"info","msg":"log initialized","time":"2024-09-04T00:43:41+08:00"}
{"level":"info","msg":"log initialized","time":"2024-09-04T00:44:06+08:00"}
{"level":"info","msg":"log initialized","time":"2024-09-04T00:46:25+08:00"}
{"level":"info","msg":"log initialized","time":"2024-09-04T08:55:31+08:00"}
{"level":"info","msg":"log initialized","time":"2024-09-04T08:59:19+08:00"}
{"level":"info","msg":"log initialized","time":"2024-09-04T09:02:37+08:00"}
{"level":"info","msg":"log initialized","time":"2024-09-04T09:04:47+08:00"}
{"level":"info","msg":"log initialized","time":"2024-09-04T09:08:25+08:00"}
{"level":"info","msg":"log initialized","time":"2024-09-04T09:09:07+08:00"}
{"level":"info","msg":"log initialized","time":"2024-09-04T09:15:54+08:00"}
{"level":"info","msg":"log initialized","time":"2024-09-08T19:40:20+08:00"}
{"level":"info","msg":"log initialized","time":"2024-09-08T20:01:13+08:00"}
{"level":"info","msg":"log initialized","time":"2024-09-08T22:41:30+08:00"}
{"level":"info","msg":"log initialized","time":"2024-09-08T22:42:06+08:00"}
{"level":"info","msg":"log initialized","time":"2024-09-09T13:37:20+08:00"}
{"level":"info","msg":"log initialized","time":"2024-09-09T13:38:01+08:00"}
{"level":"info","msg":"log initialized","time":"2024-09-09T13:39:55+08:00"}
{"level":"info","msg":"log initialized","time":"2024-09-09T13:41:36+08:00"}
{"level":"info","msg":"log initialized","time":"2024-09-09T14:32:46+08:00"}
{"level":"info","msg":"log initialized","time":"2024-09-09T14:34:24+08:00"}
{"level":"info","msg":"log initialized","time":"2024-09-09T14:34:53+08:00"}
{"level":"info","msg":"log initialized","time":"2024-09-09T18:36:56+08:00"}
{"level":"info","msg":"log initialized","time":"2024-09-09T18:52:09+08:00"}
{"level":"info","msg":"log initialized","time":"2024-09-09T19:02:25+08:00"}
{"level":"info","msg":"log initialized","time":"2024-09-09T19:03:25+08:00"}
{"level":"info","msg":"log initialized","time":"2024-09-09T19:05:23+08:00"}
{"level":"info","msg":"log initialized","time":"2024-09-09T19:10:34+08:00"}
{"level":"info","msg":"Created buckets: [picture]","time":"2024-09-09T19:10:38+08:00"}
{"level":"info","msg":"put object success, bucket: picture, object: 头像.jpg","time":"2024-09-09T19:10:50+08:00"}
{"level":"info","msg":"log initialized","time":"2024-09-09T19:13:53+08:00"}
{"level":"info","msg":"Created buckets: [picture]","time":"2024-09-09T19:13:57+08:00"}
{"level":"info","msg":"put object success, bucket: picture, object: 头像.jpg","time":"2024-09-09T19:14:25+08:00"}
{"level":"info","msg":"closing log file","time":"2024-09-09T19:14:30+08:00"}
{"level":"info","msg":"log initialized","time":"2024-09-09T19:30:03+08:00"}
{"level":"info","msg":"put object success, bucket: picture, object: 头像.jpg","time":"2024-09-09T19:30:12+08:00"}
{"level":"info","msg":"closing log file","time":"2024-09-09T19:31:13+08:00"}
{"level":"info","msg":"log initialized","time":"2024-09-09T19:59:01+08:00"}
{"X-Request-ID":null,"level":"info","msg":"put object success, bucket: picture, object: 头像.jpg","time":"2024-09-09T19:59:17+08:00"}
{"level":"info","msg":"closing log file","time":"2024-09-09T20:01:38+08:00"}
{"level":"info","msg":"log initialized","time":"2024-09-09T20:01:40+08:00"}
{"level":"info","msg":"closing log file","time":"2024-09-09T20:02:32+08:00"}
{"level":"info","msg":"log initialized","time":"2024-09-09T20:03:50+08:00"}
{"level":"info","msg":"closing log file","time":"2024-09-09T20:08:12+08:00"}
{"level":"info","msg":"log initialized","time":"2024-09-09T20:08:14+08:00"}
{"level":"info","msg":"closing log file","time":"2024-09-09T20:08:47+08:00"}
{"level":"info","msg":"log initialized","time":"2024-09-09T20:09:03+08:00"}
{"X-Request-ID":null,"level":"info","msg":"put object success, bucket: picture, object: 头像.jpg","time":"2024-09-09T20:09:11+08:00"}
{"level":"info","msg":"closing log file","time":"2024-09-09T20:10:04+08:00"}
{"level":"info","msg":"log initialized","time":"2024-09-09T20:11:48+08:00"}
{"X-Request-ID":null,"level":"info","msg":"put object success, bucket: picture, object: 头像.jpg","time":"2024-09-09T20:11:53+08:00"}
{"level":"info","msg":"closing log file","time":"2024-09-09T20:12:01+08:00"}
{"level":"info","msg":"log initialized","time":"2024-09-09T20:12:13+08:00"}
{"level":"info","msg":"closing log file","time":"2024-09-09T20:17:26+08:00"}
{"level":"info","msg":"log initialized","time":"2024-09-09T20:19:13+08:00"}
{"X-Request-ID":"c7bd42ec-d353-405a-85f3-c0990e49a410","level":"info","msg":"handle request","time":"2024-09-09T20:19:24+08:00"}
{"X-Request-ID":null,"level":"info","msg":"put object success, bucket: picture, object: 头像.jpg","time":"2024-09-09T20:19:24+08:00"}
{"level":"info","msg":"closing log file","time":"2024-09-09T20:19:37+08:00"}
{"level":"info","msg":"log initialized","time":"2024-09-09T20:20:54+08:00"}
{"X-Request-ID":"a9061983-e341-410a-9667-f0a08f8b59b3","level":"info","msg":"handle request","time":"2024-09-09T20:20:59+08:00"}
{"level":"info","msg":"put object success, bucket: picture, object: 头像.jpg","time":"2024-09-09T20:20:59+08:00"}
{"level":"info","msg":"closing log file","time":"2024-09-09T20:21:27+08:00"}
{"level":"info","msg":"log initialized","time":"2024-09-09T20:27:47+08:00"}
{"X-Request-ID":"e4dcf3b5-06fa-4e0c-9163-68aa17e010b8","level":"info","msg":"handle request","time":"2024-09-09T20:28:00+08:00"}
{"level":"info","msg":"put object success, bucket: picture, object: 头像.jpg","time":"2024-09-09T20:28:00+08:00"}
{"level":"info","msg":"closing log file","time":"2024-09-09T20:28:20+08:00"}
{"level":"info","msg":"log initialized","time":"2024-09-09T20:30:48+08:00"}
{"level":"info","msg":"put object success, bucket: picture, object: 头像.jpg","time":"2024-09-09T20:31:17+08:00"}
{"level":"info","msg":"closing log file","time":"2024-09-09T20:33:35+08:00"}
{"level":"info","msg":"log initialized","time":"2024-09-09T20:33:52+08:00"}
{"level":"info","msg":"put object success, bucket: picture, object: 头像.jpg","time":"2024-09-09T20:34:05+08:00"}
{"level":"info","msg":"closing log file","time":"2024-09-09T20:34:47+08:00"}
{"level":"info","msg":"log initialized","time":"2024-09-09T20:34:49+08:00"}
{"X-Request-ID":"4eddc320-2d4e-40e5-97d5-468ec9bf3e0f","level":"info","msg":"handle request","time":"2024-09-09T20:34:56+08:00"}
{"level":"info","msg":"put object success, bucket: picture, object: 头像.jpg","time":"2024-09-09T20:34:56+08:00"}
{"level":"info","msg":"closing log file","time":"2024-09-09T20:36:29+08:00"}
{"level":"info","msg":"log initialized","time":"2024-09-09T20:41:20+08:00"}
{"level":"info","msg":"put object success, bucket: picture, object: 头像.jpg","time":"2024-09-09T20:41:28+08:00"}
{"level":"info","msg":"put object success, bucket: picture, object: 头像.jpg","time":"2024-09-09T20:42:56+08:00"}
{"level":"info","msg":"closing log file","time":"2024-09-09T20:44:23+08:00"}
{"level":"info","msg":"log initialized","time":"2024-09-09T20:44:24+08:00"}
{"level":"info","msg":"closing log file","time":"2024-09-09T20:47:26+08:00"}
{"level":"info","msg":"log initialized","time":"2024-09-10T11:07:40+08:00"}
{"level":"info","msg":"put object success, bucket: picture, object: 头像.jpg","time":"2024-09-10T11:08:52+08:00"}
{"level":"info","msg":"closing log file","time":"2024-09-10T11:09:45+08:00"}
{"level":"info","msg":"log initialized","time":"2024-09-10T11:10:38+08:00"}
{"level":"info","msg":"closing log file","time":"2024-09-10T11:11:57+08:00"}
{"level":"info","msg":"log initialized","time":"2024-09-10T11:16:55+08:00"}
{"X-Request-ID":"39224a68-02d6-41a8-bf90-cf93446c0da6","level":"info","msg":"put object success, bucket: picture, object: 头像.jpg","time":"2024-09-10T11:17:03+08:00"}
{"level":"info","msg":"closing log file","time":"2024-09-10T11:17:49+08:00"}
{"level":"info","msg":"log initialized","time":"2024-09-10T11:24:00+08:00"}
{"X-Request-ID":"3e06a0b2-dc28-4d08-b417-cbf17d94e422","level":"info","msg":"put object success, bucket: picture, object: 头像.jpg","time":"2024-09-10T11:24:05+08:00"}
{"level":"info","msg":"closing log file","time":"2024-09-10T11:24:23+08:00"}
{"level":"info","msg":"log initialized","time":"2024-09-10T11:31:58+08:00"}
{"X-Request-ID":"5e21a33f-1483-4c98-879c-005acf1c5bf4","level":"info","msg":"PutObject success","time":"2024-09-10T11:32:06+08:00"}
{"level":"info","msg":"closing log file","time":"2024-09-10T11:32:27+08:00"}
{"level":"info","msg":"log initialized","time":"2024-09-10T11:33:26+08:00"}
{"level":"info","msg":"uploading file 头像.jpg","time":"2024-09-10T11:33:33+08:00"}
{"X-Request-ID":"9c5d81d4-9d17-490d-99bc-97febbf81cec","level":"info","msg":"PutObject success","time":"2024-09-10T11:33:33+08:00"}
{"level":"info","msg":"closing log file","time":"2024-09-10T11:33:48+08:00"}
{"level":"info","msg":"log initialized","time":"2024-09-10T11:34:02+08:00"}
{"X-Request-ID":"07e53e8e-a646-4b14-8ce9-0525dc5369ec","level":"info","msg":"uploading file 头像.jpg","time":"2024-09-10T11:34:08+08:00"}
{"X-Request-ID":"07e53e8e-a646-4b14-8ce9-0525dc5369ec","level":"info","msg":"PutObject success","time":"2024-09-10T11:34:08+08:00"}
{"level":"info","msg":"closing log file","time":"2024-09-10T11:34:33+08:00"}
{"level":"info","msg":"log initialized","time":"2024-09-10T11:35:18+08:00"}
{"X-Request-ID":"0187b5ff-aff2-4918-99df-4c4731a2f9eb","level":"info","msg":"uploading file 头像.jpg","time":"2024-09-10T11:35:22+08:00"}
{"X-Request-ID":"0187b5ff-aff2-4918-99df-4c4731a2f9eb","bucket":"picture","level":"info","msg":"PutObject success","object":"头像.jpg","route":"PutObject","size":50515,"time":"2024-09-10T11:35:22+08:00"}
{"level":"info","msg":"closing log file","time":"2024-09-10T11:35:37+08:00"}
{"level":"info","msg":"log initialized","time":"2024-09-10T12:09:13+08:00"}
{"X-Request-ID":"b1aac492-7e90-4e1e-b2ff-4396b99ebc46","level":"info","msg":"uploading file 头像.jpg","time":"2024-09-10T12:09:19+08:00"}
{"X-Request-ID":"b1aac492-7e90-4e1e-b2ff-4396b99ebc46","bucket":"picture","level":"info","msg":"PutObject success","object":"头像.jpg","route":"PutObject","size":50515,"time":"2024-09-10T12:09:19+08:00"}
{"level":"info","msg":"closing log file","time":"2024-09-10T12:09:29+08:00"}
{"level":"info","msg":"log initialized","time":"2024-09-10T12:51:07+08:00"}
{"level":"info","msg":"closing log file","time":"2024-09-10T12:51:31+08:00"}
{"level":"info","msg":"log initialized","time":"2024-09-10T12:51:53+08:00"}
{"X-Request-ID":"e1068101-a04e-44fc-b9e3-353c532fcc08","bucket":"picture","level":"info","msg":"RemoveObject success","object":"头像.jpg","route":"RemoveObject","time":"2024-09-10T12:54:48+08:00"}
{"level":"info","msg":"closing log file","time":"2024-09-10T12:56:11+08:00"}
{"X-Request-ID":"900b7ec6-d645-4b66-8c81-23f604e9a352","bucket":"picture","level":"info","msg":"PutObject success","object":"头像.jpg","route":"PutObject","size":50515,"time":"2024-09-10T13:24:53+08:00"}
{"X-Request-ID":"d03799b6-b0bf-49bc-ade7-91b4b48c5eb3","bucket":"picture","error":"context canceled","level":"error","msg":"PutObject fail","object":"头像.jpg","route":"PutObject","size":50515,"time":"2024-09-10T13:25:57+08:00"}
{"X-Request-ID":"d03799b6-b0bf-49bc-ade7-91b4b48c5eb3","error":"context canceled","level":"error","msg":"error uploading file","time":"2024-09-10T13:25:57+08:00"}
{"X-Request-ID":"6f5bf418-7102-4cc2-a07b-488a93d39b74","bucket":"picture","level":"info","msg":"RemoveObject success","object":"fdsa/dfa/ddd","route":"RemoveObject","time":"2024-09-10T13:29:00+08:00"}
{"X-Request-ID":"fffc3bba-9f89-4c59-b88f-2a5983d57d2c","bucket":"picture","level":"info","msg":"RemoveObject success","object":"fdsa/dfa/ddd","route":"RemoveObject","time":"2024-09-10T13:29:02+08:00"}
{"X-Request-ID":"d7c3fbed-d4a6-4b87-ba7b-285601fa6706","bucket":"picture","level":"info","msg":"RemoveObject success","object":"fdsa/dfa/ddd","route":"RemoveObject","time":"2024-09-10T13:29:04+08:00"}
{"X-Request-ID":"0f1947c8-27d5-4b15-8118-49583e337ffe","bucket":"picture","level":"info","msg":"RemoveObject success","object":"fdsa/dfa/ddd","route":"RemoveObject","time":"2024-09-10T13:29:05+08:00"}
{"X-Request-ID":"ca021cb0-1270-4ae6-8dfd-750294c504f6","bucket":"picture","level":"info","msg":"RemoveObject success","object":"fdsa/dfa/ddd","route":"RemoveObject","time":"2024-09-10T13:29:31+08:00"}
{"X-Request-ID":"3b03418f-14b2-4edd-9b33-0ee3a48174a4","level":"error","msg":"invalid telephone number: 15022224444","time":"2024-09-10T13:49:45+08:00"}
{"X-Request-ID":"3b03418f-14b2-4edd-9b33-0ee3a48174a4","error":"Error 1062 (23000): Duplicate entry '15022224444' for key 'uni_users_telephone'","level":"error","msg":"create user failed","time":"2024-09-10T13:49:45+08:00"}
{"X-Request-ID":"dfd18314-5b13-4e2b-9b33-f2995bd6ac40","level":"error","msg":"invalid telephone number: 15022224444","time":"2024-09-10T13:53:03+08:00"}
{"X-Request-ID":"9bea70cf-119c-4eb8-82a4-5ca1762b363d","level":"error","msg":"invalid telephone number: 15022224444","time":"2024-09-10T13:53:10+08:00"}
{"X-Request-ID":"e669a28d-703c-4ea5-88d7-403603064f61","level":"error","msg":"invalid telephone number: 15022224444","time":"2024-09-10T13:53:10+08:00"}
{"X-Request-ID":"a7fe7cdd-7a6c-428e-a1df-7c6595165a2a","level":"error","msg":"invalid telephone number: 15022224444","time":"2024-09-10T13:53:11+08:00"}
{"X-Request-ID":"aa642dda-a63e-464e-93d7-77a863e96529","level":"error","msg":"invalid telephone number: 15022224444","time":"2024-09-10T13:53:11+08:00"}
{"X-Request-ID":"07ff571d-03da-4d85-a896-6b8541e8082a","level":"error","msg":"invalid telephone number: 15022224444","time":"2024-09-10T13:53:12+08:00"}
{"X-Request-ID":"d9bd007b-d4a3-4e51-b861-b12dd41a3c3a","level":"error","msg":"invalid telephone number: 15022224444","time":"2024-09-10T13:53:14+08:00"}
{"X-Request-ID":"0fcd8aa7-897f-44bf-b049-84ed532b333b","error":"Error 1062 (23000): Duplicate entry '15022224445' for key 'uni_users_telephone'","level":"error","msg":"create user failed","time":"2024-09-10T13:55:15+08:00"}
{"X-Request-ID":"01062902-f94d-4d70-bcde-578a6509531e","error":"Error 1062 (23000): Duplicate entry '15022224445' for key 'uni_users_telephone'","level":"error","msg":"create user failed","time":"2024-09-10T13:55:36+08:00"}
{"X-Request-ID":"02281b59-d01e-4e11-a9ad-dacbd1623167","level":"error","msg":"telephone number exists: 15022224445","time":"2024-09-10T13:57:16+08:00"}
{"X-Request-ID":"e99e92ed-234c-4ea5-b67c-70ba45c3b005","bucket":"picture","level":"info","msg":"PutObject success","object":"images.jpeg","route":"PutObject","size":4959,"time":"2024-09-10T15:42:22+08:00"}
{"X-Request-ID":"2844bded-1a2d-4b7d-9077-4d1d5f7caa81","error":"redis: nil","level":"info","msg":"cache miss","time":"2024-09-10T16:45:56+08:00"}
{"X-Request-ID":"2844bded-1a2d-4b7d-9077-4d1d5f7caa81","level":"info","msg":"set cache success","time":"2024-09-10T16:47:49+08:00"}
{"X-Request-ID":"28d6222b-b77e-4248-a370-dc8d6d6c169a","error":"redis: nil","level":"info","msg":"cache miss","time":"2024-09-10T16:48:16+08:00"}
{"X-Request-ID":"28d6222b-b77e-4248-a370-dc8d6d6c169a","level":"info","msg":"set cache success","time":"2024-09-10T16:49:23+08:00"}
{"X-Request-ID":"e6719b7a-c1ad-4269-80a5-77e962f2b65b","error":"redis: nil","level":"info","msg":"cache miss","time":"2024-09-10T16:54:52+08:00"}
{"X-Request-ID":"e6719b7a-c1ad-4269-80a5-77e962f2b65b","level":"info","msg":"set cache success","time":"2024-09-10T16:57:47+08:00"}
{"X-Request-ID":"0467b9a8-a015-4642-adcd-063c20cd7a08","error":"redis: nil","level":"info","msg":"cache miss","time":"2024-09-10T16:58:01+08:00"}
{"X-Request-ID":"0467b9a8-a015-4642-adcd-063c20cd7a08","level":"info","msg":"set cache success","time":"2024-09-10T16:59:32+08:00"}
{"X-Request-ID":"fc5a008e-f2d5-44f2-b4fc-af8da3452cd7","error":"redis: nil","level":"info","msg":"cache miss","time":"2024-09-10T17:00:50+08:00"}
{"X-Request-ID":"fc5a008e-f2d5-44f2-b4fc-af8da3452cd7","level":"info","msg":"set cache success","time":"2024-09-10T17:01:11+08:00"}
{"X-Request-ID":"16caa7f0-6dcc-48fd-86f7-7061d03d726a","error":"redis: nil","level":"info","msg":"cache miss","time":"2024-09-10T17:01:31+08:00"}
{"X-Request-ID":"16caa7f0-6dcc-48fd-86f7-7061d03d726a","level":"info","msg":"set cache success","time":"2024-09-10T17:01:45+08:00"}
{"X-Request-ID":"3ab624fe-5142-40e2-af24-1be808bff3c8","level":"info","msg":"get cache success","time":"2024-09-10T17:02:01+08:00"}
{"X-Request-ID":"13bfd708-0f76-4852-86af-05e904ab7722","level":"info","msg":"get cache success","time":"2024-09-10T17:02:46+08:00"}
{"X-Request-ID":"5dee78bf-d038-474c-a424-f32a41df4d01","level":"info","msg":"get cache success","time":"2024-09-10T17:03:22+08:00"}
{"X-Request-ID":"4e797c73-8d47-48b5-b8fb-44eb2b78c517","level":"info","msg":"get cache success","time":"2024-09-10T17:07:15+08:00"}
{"X-Request-ID":"c534f981-5a31-4294-b5fa-76930fcdec25","error":"redis: nil","level":"info","msg":"cache miss","time":"2024-09-10T17:07:28+08:00"}
{"X-Request-ID":"c534f981-5a31-4294-b5fa-76930fcdec25","level":"info","msg":"set cache success","time":"2024-09-10T17:07:40+08:00"}
{"X-Request-ID":"61a5a626-a1e6-480f-bb75-5ce82418f5d3","error":"redis: nil","level":"info","msg":"cache miss","time":"2024-09-10T18:07:45+08:00"}
{"X-Request-ID":"1e721805-3dbd-43c0-8d2b-1f5093a15b94","error":"redis: nil","level":"info","msg":"cache miss","time":"2024-09-10T18:22:57+08:00"}
{"X-Request-ID":"1e721805-3dbd-43c0-8d2b-1f5093a15b94","level":"info","msg":"set cache success","time":"2024-09-10T18:23:02+08:00"}
{"X-Request-ID":"e0c2f770-502b-4f1e-8b2b-a2c1805b9c10","level":"info","msg":"get cache success","time":"2024-09-10T18:23:24+08:00"}
{"X-Request-ID":"504702ed-ad7a-45bb-a9fe-ead0faface29","level":"info","msg":"get cache success","time":"2024-09-10T18:23:40+08:00"}
{"X-Request-ID":"660a998c-6146-4f2c-af3c-b3d61a3b5c3f","level":"info","msg":"get cache success","time":"2024-09-10T18:23:41+08:00"}
{"X-Request-ID":"38975e81-c194-46ab-9143-9da396c3f727","level":"info","msg":"get cache success","time":"2024-09-10T18:23:42+08:00"}
{"X-Request-ID":"62e9400e-a23f-41f2-815d-049678794dc0","level":"info","msg":"get cache success","time":"2024-09-10T18:23:43+08:00"}
{"X-Request-ID":"97c6b19d-2f6c-4238-b224-74f4eafaf5cd","level":"info","msg":"get cache success","time":"2024-09-10T18:23:43+08:00"}
{"X-Request-ID":"f56c78d7-673c-4407-8e90-465ac8a2d4a8","level":"info","msg":"get cache success","time":"2024-09-10T18:23:44+08:00"}
{"X-Request-ID":"67c00e67-f8f7-43e5-9ee7-ea691600c019","level":"info","msg":"get cache success","time":"2024-09-10T18:23:45+08:00"}
{"X-Request-ID":"18e51fab-034a-40d3-b6d9-e068ba855d1f","level":"info","msg":"get cache success","time":"2024-09-10T18:23:45+08:00"}
{"X-Request-ID":"a724be3c-73cb-4b31-b0e5-a362cb837f51","error":"redis: nil","level":"info","msg":"cache miss","time":"2024-09-10T18:23:58+08:00"}
{"X-Request-ID":"a724be3c-73cb-4b31-b0e5-a362cb837f51","level":"info","msg":"set cache success","time":"2024-09-10T18:23:58+08:00"}
{"X-Request-ID":"deeaa9cf-f4c9-49cc-8339-e5f4068c89c0","level":"info","msg":"get cache success","time":"2024-09-10T18:24:00+08:00"}
{"X-Request-ID":"8f2acf1b-93d3-41d8-a5ad-4633e3f5ceed","level":"info","msg":"get cache success","time":"2024-09-10T18:24:00+08:00"}
{"X-Request-ID":"79e892c6-0af5-4677-84df-5c2a320e4625","level":"info","msg":"get cache success","time":"2024-09-10T18:24:01+08:00"}
{"X-Request-ID":"a19aed3f-bf50-4ef9-b07b-60427fb16baa","level":"info","msg":"get cache success","time":"2024-09-10T18:24:01+08:00"}
{"X-Request-ID":"7c5f7ad3-7148-4304-a0d5-e66e0eca81a7","level":"info","msg":"get cache success","time":"2024-09-10T18:24:01+08:00"}
{"X-Request-ID":"ba40ab85-dad5-4949-ad33-1590382f018c","level":"info","msg":"get cache success","time":"2024-09-10T18:24:02+08:00"}
{"X-Request-ID":"62160e11-e664-4a0b-927f-a36757111dbe","level":"info","msg":"get cache success","time":"2024-09-10T18:24:02+08:00"}
{"X-Request-ID":"9ea6bb2b-aece-4ef4-9438-f98ec77818bb","level":"info","msg":"get cache success: banner","time":"2024-09-10T18:27:10+08:00"}
{"X-Request-ID":"01bd7660-e07f-4bc8-8748-4bcf24afa95a","error":"redis: nil","level":"info","msg":"get cache miss: banner","time":"2024-09-10T18:33:20+08:00"}
{"X-Request-ID":"01bd7660-e07f-4bc8-8748-4bcf24afa95a","level":"info","msg":"set cache success: banner","time":"2024-09-10T18:33:24+08:00"}
{"X-Request-ID":"b71db473-4439-4341-977a-743793a62410","error":"redis: nil","level":"info","msg":"get cache miss: banner","time":"2024-09-10T18:42:13+08:00"}
{"X-Request-ID":"b71db473-4439-4341-977a-743793a62410","level":"info","msg":"set cache success: banner","time":"2024-09-10T18:42:17+08:00"}
{"X-Request-ID":"4f841923-9499-4e8e-a8e5-b50068785d24","level":"info","msg":"get cache success: banner","time":"2024-09-10T18:42:19+08:00"}
{"X-Request-ID":"33dba5df-3b4f-407f-bbb8-3bb61c5be740","level":"info","msg":"get cache success: banner","time":"2024-09-10T18:42:23+08:00"}
{"X-Request-ID":"5113593f-0798-4d88-8768-2961ba880fb0","level":"info","msg":"get cache success: banner","time":"2024-09-10T18:42:31+08:00"}
{"X-Request-ID":"e43539fe-3119-430e-9cea-14689ed1e5cf","level":"info","msg":"get cache success: banner","time":"2024-09-10T18:42:43+08:00"}
{"X-Request-ID":"710f0171-66d1-4589-8199-fd26977dda57","level":"info","msg":"get cache success: banner","time":"2024-09-10T18:43:20+08:00"}
{"X-Request-ID":"931f3c84-335e-48a5-abcc-fcc834aa6b76","level":"info","msg":"get cache success: banner","time":"2024-09-10T18:43:30+08:00"}
{"X-Request-ID":"9e99bbf5-49f3-4021-b1e9-e377ec996084","level":"info","msg":"get cache success: banner","time":"2024-09-10T18:43:38+08:00"}
{"X-Request-ID":"ff40e811-5ca2-4762-9582-68b4298b6626","error":"redis: nil","level":"info","msg":"get cache miss: banner","time":"2024-09-10T18:48:31+08:00"}
{"X-Request-ID":"ff40e811-5ca2-4762-9582-68b4298b6626","level":"info","msg":"set cache success: banner","time":"2024-09-10T18:48:31+08:00"}
{"X-Request-ID":"8f3620cd-91a1-4fd0-aa29-13e60497f170","bucket":"picture","level":"info","msg":"PutObject success","object":"images.jpeg","route":"PutObject","size":4959,"time":"2024-09-10T19:13:59+08:00"}
{"X-Request-ID":"92949235-ff81-4058-9a80-5a27b6b98e69","bucket":"picture","level":"info","msg":"PutObject success","object":"保真奢品.jpeg","route":"PutObject","size":34775,"time":"2024-09-10T19:14:20+08:00"}
{"X-Request-ID":"d3207e26-f19a-40fb-b970-33190333d284","bucket":"picture","level":"info","msg":"PutObject success","object":"手机严选.jpeg","route":"PutObject","size":25248,"time":"2024-09-10T19:14:31+08:00"}
{"X-Request-ID":"e912e94c-2c5d-4259-a48b-30cff0ced4d6","bucket":"picture","level":"info","msg":"PutObject success","object":"文玩珠宝.jpg","route":"PutObject","size":312754,"time":"2024-09-10T19:14:34+08:00"}
{"X-Request-ID":"8d6233a8-ca79-4764-9651-697a78a679bc","bucket":"picture","level":"info","msg":"PutObject success","object":"限量潮品.jpeg","route":"PutObject","size":133808,"time":"2024-09-10T19:14:37+08:00"}
{"X-Request-ID":"b68474e7-6878-4f83-9f43-d0e20122aef1","bucket":"picture","level":"info","msg":"PutObject success","object":"保真奢品.jpeg","route":"PutObject","size":34775,"time":"2024-09-10T19:16:31+08:00"}
{"X-Request-ID":"720f901f-1bdd-4ee2-9fdf-6785c7d3a452","bucket":"picture","level":"info","msg":"PutObject success","object":"手机严选.jpeg","route":"PutObject","size":25248,"time":"2024-09-10T19:16:53+08:00"}
{"X-Request-ID":"e1d8ea2b-02eb-4ed7-a332-a8cbc201286d","bucket":"picture","level":"info","msg":"PutObject success","object":"文玩珠宝.jpg","route":"PutObject","size":312754,"time":"2024-09-10T19:17:16+08:00"}
{"X-Request-ID":"d39480b9-8a55-49f9-a5a8-06241c778c5b","error":"redis: nil","level":"info","msg":"get cache miss: banner","time":"2024-09-10T19:18:16+08:00"}
{"X-Request-ID":"d39480b9-8a55-49f9-a5a8-06241c778c5b","level":"info","msg":"set cache success: banner","time":"2024-09-10T19:18:16+08:00"}
{"X-Request-ID":"259901eb-039c-4816-a091-83bd038a7647","level":"info","msg":"get cache success: banner","time":"2024-09-10T19:18:21+08:00"}
{"X-Request-ID":"335dce63-9435-494e-a9d1-410c5c4e5af8","level":"info","msg":"get cache success: banner","time":"2024-09-10T19:18:24+08:00"}
{"X-Request-ID":"02e701f3-6633-429d-b51d-c88e95c69d09","error":"redis: nil","level":"info","msg":"get cache miss: banner","time":"2024-09-10T19:31:57+08:00"}
{"X-Request-ID":"02e701f3-6633-429d-b51d-c88e95c69d09","level":"info","msg":"set cache success: banner","time":"2024-09-10T19:31:58+08:00"}
{"error":"While parsing config: invalid character '8' after object key","level":"error","msg":"read config failed","time":"2024-09-10T19:33:13+08:00"}
{"error":"While parsing config: invalid character '8' after object key","level":"error","msg":"read config failed","time":"2024-09-10T19:33:14+08:00"}
{"X-Request-ID":"6df03e02-29f3-49c4-a294-44da47fc65e5","level":"info","msg":"get cache success: banner","time":"2024-09-10T19:33:38+08:00"}
{"X-Request-ID":"c9d99b4d-6258-4e8c-8575-31e2bdca37cf","level":"info","msg":"get cache success: banner","time":"2024-09-10T19:34:35+08:00"}
{"X-Request-ID":"9691efce-4247-41cb-ac4d-1560c73bf18e","level":"info","msg":"get cache success: banner","time":"2024-09-10T19:34:49+08:00"}
{"X-Request-ID":"4bd17eef-ca58-41e8-ba92-9011c0a72fde","error":"redis: nil","level":"info","msg":"get cache miss: home/goods_4","time":"2024-09-10T19:47:36+08:00"}
{"X-Request-ID":"4bd17eef-ca58-41e8-ba92-9011c0a72fde","level":"info","msg":"set cache success: home/goods_4","time":"2024-09-10T19:48:12+08:00"}
{"X-Request-ID":"da76b44b-de34-4336-9d5b-89c0f84bb206","level":"info","msg":"get cache success: home/goods_4","time":"2024-09-10T19:48:31+08:00"}
{"X-Request-ID":"a45e62b0-b03a-4119-971a-5735e9761ab8","level":"info","msg":"get cache success: home/goods_4","time":"2024-09-10T19:48:40+08:00"}
{"X-Request-ID":"f11b92f5-aca8-4a90-9f84-423b61a634e1","level":"info","msg":"get cache success: home/goods_4","time":"2024-09-10T19:48:41+08:00"}
{"X-Request-ID":"655033db-0044-4ad7-85be-46bbff3ea0ca","level":"info","msg":"get cache success: home/goods_4","time":"2024-09-10T19:48:42+08:00"}
{"X-Request-ID":"7b122dd9-a0b8-456e-861c-ed67af2fdd93","level":"info","msg":"get cache success: home/goods_4","time":"2024-09-10T19:48:42+08:00"}
{"X-Request-ID":"bef495f2-78fc-4424-8d1b-a2414ac078d4","level":"info","msg":"get cache success: home/goods_4","time":"2024-09-10T19:48:43+08:00"}
{"X-Request-ID":"be588b93-73df-4a5b-8175-a344a14d7067","level":"info","msg":"get cache success: home/goods_4","time":"2024-09-10T19:48:43+08:00"}
{"X-Request-ID":"cf9b1683-847d-4c06-a35f-7a73905c2c10","error":"redis: nil","level":"info","msg":"get cache miss: home/banner","time":"2024-09-10T19:48:53+08:00"}
{"X-Request-ID":"a5ce3dc4-5b34-4d65-98d5-2f23b42ef6a0","level":"info","msg":"get cache success: home/goods_4","time":"2024-09-10T19:48:53+08:00"}
{"X-Request-ID":"0ca60cef-3c99-4fea-9d99-132bf04fb0d0","level":"info","msg":"get cache success: home/goods_4","time":"2024-09-10T19:48:53+08:00"}
{"X-Request-ID":"cf9b1683-847d-4c06-a35f-7a73905c2c10","level":"info","msg":"set cache success: home/banner","time":"2024-09-10T19:48:53+08:00"}
{"X-Request-ID":"0a4ee1a9-b2b1-42f1-82e4-29a1e7795fdd","level":"info","msg":"get cache success: home/banner","time":"2024-09-10T19:49:00+08:00"}
{"X-Request-ID":"fa37d747-2571-4e65-a28d-f98dfad969dd","level":"info","msg":"get cache success: home/goods_4","time":"2024-09-10T19:49:00+08:00"}
{"X-Request-ID":"ebb8590a-06cc-48a1-a0f2-3a338ac04cce","level":"info","msg":"get cache success: home/goods_4","time":"2024-09-10T19:49:00+08:00"}
{"X-Request-ID":"92de82c2-ab03-414e-88dc-c9d3dd3af858","level":"info","msg":"get cache success: home/banner","time":"2024-09-10T19:49:02+08:00"}
{"X-Request-ID":"ba8b90d4-732b-489d-88a8-0169262e5abf","level":"info","msg":"get cache success: home/goods_4","time":"2024-09-10T19:49:02+08:00"}
{"X-Request-ID":"03fe8c2f-8deb-4136-b9f7-f458f2f71f2a","level":"info","msg":"get cache success: home/goods_4","time":"2024-09-10T19:49:02+08:00"}
{"X-Request-ID":"6cce3ada-a4ec-4d28-974b-7f0ce41ecb6f","level":"info","msg":"get cache success: home/banner","time":"2024-09-10T19:49:02+08:00"}
{"X-Request-ID":"3a49b2ce-6d6a-4f45-a648-24413f105419","level":"info","msg":"get cache success: home/goods_4","time":"2024-09-10T19:49:02+08:00"}
{"X-Request-ID":"167c4244-4b30-499c-8c5b-f0fcd350592e","level":"info","msg":"get cache success: home/goods_4","time":"2024-09-10T19:49:02+08:00"}
{"X-Request-ID":"2cabc1f9-4e28-4f4d-82a1-525fbf6f7bba","level":"info","msg":"get cache success: home/banner","time":"2024-09-10T19:49:03+08:00"}
{"X-Request-ID":"5c335314-f889-4f43-88bb-5ec081a44f7c","level":"info","msg":"get cache success: home/goods_4","time":"2024-09-10T19:49:03+08:00"}
{"X-Request-ID":"7faaec7d-75be-4ccd-b200-7dedc6486cfc","level":"info","msg":"get cache success: home/goods_4","time":"2024-09-10T19:49:03+08:00"}
{"X-Request-ID":"aafd3d94-b290-488c-8332-c0154e38a2c1","level":"info","msg":"get cache success: home/banner","time":"2024-09-10T19:49:05+08:00"}
{"X-Request-ID":"e8e41955-6e64-4e97-a241-ee177306ccd1","level":"info","msg":"get cache success: home/goods_4","time":"2024-09-10T19:49:05+08:00"}
{"X-Request-ID":"5eead48f-2a44-4961-bec0-ea640d81fe59","level":"info","msg":"get cache success: home/goods_4","time":"2024-09-10T19:49:05+08:00"}
{"X-Request-ID":"f5234093-e484-4ef2-9ddf-ff689d52f368","level":"info","msg":"get cache success: home/banner","time":"2024-09-10T19:49:08+08:00"}
{"X-Request-ID":"651f967b-7bde-40c0-9840-c401f339b48f","level":"info","msg":"get cache success: home/goods_4","time":"2024-09-10T19:49:08+08:00"}
{"X-Request-ID":"6e74165a-28b4-4fbf-abcc-b3d3902434d8","level":"info","msg":"get cache success: home/goods_4","time":"2024-09-10T19:49:08+08:00"}
